2015/06/02 06:04:43 [error] [exception.CDbException] exception 'CDbException' with message 'Relation "Administrator" is not defined in active record class "AdministratorModuleAccess".' in C:\wamp\www\multiplatform\03_framework\db\ar\CActiveFinder.php:216
Stack trace:
#0 C:\wamp\www\multiplatform\03_framework\db\ar\CActiveFinder.php(280): CActiveFinder->buildJoinTree(Object(CJoinElement), 'Administrator')
#1 C:\wamp\www\multiplatform\03_framework\db\ar\CActiveFinder.php(49): CActiveFinder->buildJoinTree(Object(CJoinElement), Array)
#2 C:\wamp\www\multiplatform\03_framework\db\ar\CActiveRecord.php(1295): CActiveFinder->__construct(Object(AdministratorModuleAccess), Array)
#3 C:\wamp\www\multiplatform\03_framework\db\ar\CActiveRecord.php(1426): CActiveRecord->query(Object(CDbCriteria))
#4 C:\wamp\www\multiplatform\01_backend\protected\controllers\SiteController.php(30): CActiveRecord->findByPk(1)
#5 C:\wamp\www\multiplatform\03_framework\web\actions\CInlineAction.php(50): SiteController->actionIndex()
#6 C:\wamp\www\multiplatform\03_framework\web\CController.php(309): CInlineAction->runWithParams(Array)
#7 C:\wamp\www\multiplatform\03_framework\web\CController.php(287): CController->runAction(Object(CInlineAction))
#8 C:\wamp\www\multiplatform\03_framework\web\CController.php(266): CController->runActionWithFilters(Object(CInlineAction), Array)
#9 C:\wamp\www\multiplatform\03_framework\web\CWebApplication.php(283): CController->run('')
#10 C:\wamp\www\multiplatform\03_framework\web\CWebApplication.php(142): CWebApplication->runController('')
#11 C:\wamp\www\multiplatform\03_framework\base\CApplication.php(162): CWebApplication->processRequest()
#12 C:\wamp\www\multiplatform\01_backend\index.php(13): CApplication->run()
#13 {main}
REQUEST_URI=/index.php
---
2015/06/29 02:00:46 [error] [exception.CHttpException.404] exception 'CHttpException' with message 'Unable to resolve the request "favicon.ico".' in C:\wamp\www\multiplatform\03_framework\web\CWebApplication.php:287
Stack trace:
#0 C:\wamp\www\multiplatform\03_framework\web\CWebApplication.php(142): CWebApplication->runController('favicon.ico')
#1 C:\wamp\www\multiplatform\03_framework\base\CApplication.php(162): CWebApplication->processRequest()
#2 C:\wamp\www\multiplatform\01_backend\index.php(13): CApplication->run()
#3 {main}
REQUEST_URI=/favicon.ico
---
2015/06/29 02:00:49 [error] [exception.CHttpException.404] exception 'CHttpException' with message 'Unable to resolve the request "favicon.ico".' in C:\wamp\www\multiplatform\03_framework\web\CWebApplication.php:287
Stack trace:
#0 C:\wamp\www\multiplatform\03_framework\web\CWebApplication.php(142): CWebApplication->runController('favicon.ico')
#1 C:\wamp\www\multiplatform\03_framework\base\CApplication.php(162): CWebApplication->processRequest()
#2 C:\wamp\www\multiplatform\01_backend\index.php(13): CApplication->run()
#3 {main}
REQUEST_URI=/favicon.ico
---
2015/07/02 09:24:40 [error] [exception.CHttpException.404] exception 'CHttpException' with message 'Unable to resolve the request "favicon.ico".' in C:\wamp\www\multiplatform\03_framework\web\CWebApplication.php:287
Stack trace:
#0 C:\wamp\www\multiplatform\03_framework\web\CWebApplication.php(142): CWebApplication->runController('favicon.ico')
#1 C:\wamp\www\multiplatform\03_framework\base\CApplication.php(162): CWebApplication->processRequest()
#2 C:\wamp\www\multiplatform\01_backend\index.php(13): CApplication->run()
#3 {main}
REQUEST_URI=/favicon.ico
---
2015/07/02 09:24:41 [error] [exception.CHttpException.404] exception 'CHttpException' with message 'Unable to resolve the request "favicon.ico".' in C:\wamp\www\multiplatform\03_framework\web\CWebApplication.php:287
Stack trace:
#0 C:\wamp\www\multiplatform\03_framework\web\CWebApplication.php(142): CWebApplication->runController('favicon.ico')
#1 C:\wamp\www\multiplatform\03_framework\base\CApplication.php(162): CWebApplication->processRequest()
#2 C:\wamp\www\multiplatform\01_backend\index.php(13): CApplication->run()
#3 {main}
REQUEST_URI=/favicon.ico
---
2015/07/02 09:35:46 [error] [exception.CException] exception 'CException' with message 'CAssetManager.basePath "C:\wamp\www\multiplatform\01_backend\assets" is invalid. Please make sure the directory exists and is writable by the Web server process.' in C:\wamp\www\multiplatform\03_framework\web\CAssetManager.php:128
Stack trace:
#0 C:\wamp\www\multiplatform\03_framework\web\CAssetManager.php(113): CAssetManager->setBasePath('C:\wamp\www\mul...')
#1 C:\wamp\www\multiplatform\03_framework\web\CAssetManager.php(235): CAssetManager->getBasePath()
#2 C:\wamp\www\multiplatform\03_framework\gii\GiiModule.php(143): CAssetManager->publish('C:\wamp\www\mul...')
#3 C:\wamp\www\multiplatform\03_framework\base\CComponent.php(112): GiiModule->getAssetsUrl()
#4 C:\wamp\www\multiplatform\03_framework\base\CModule.php(106): CComponent->__get('assetsUrl')
#5 C:\wamp\www\multiplatform\03_framework\gii\views\layouts\main.php(5): CModule->__get('assetsUrl')
#6 C:\wamp\www\multiplatform\03_framework\web\CBaseController.php(127): require('C:\wamp\www\mul...')
#7 C:\wamp\www\multiplatform\03_framework\web\CBaseController.php(96): CBaseController->renderInternal('C:\wamp\www\mul...', Array, true)
#8 C:\wamp\www\multiplatform\03_framework\web\widgets\CContentDecorator.php(77): CBaseController->renderFile('C:\wamp\www\mul...', Array, true)
#9 C:\wamp\www\multiplatform\03_framework\web\widgets\CContentDecorator.php(55): CContentDecorator->decorate('<div class="con...')
#10 C:\wamp\www\multiplatform\03_framework\web\widgets\COutputProcessor.php(45): CContentDecorator->processOutput('<div class="con...')
#11 C:\wamp\www\multiplatform\03_framework\web\CBaseController.php(207): COutputProcessor->run()
#12 C:\wamp\www\multiplatform\03_framework\web\CBaseController.php(301): CBaseController->endWidget('CContentDecorat...')
#13 C:\wamp\www\multiplatform\03_framework\gii\views\layouts\column1.php(7): CBaseController->endContent()
#14 C:\wamp\www\multiplatform\03_framework\web\CBaseController.php(127): require('C:\wamp\www\mul...')
#15 C:\wamp\www\multiplatform\03_framework\web\CBaseController.php(96): CBaseController->renderInternal('C:\wamp\www\mul...', Array, true)
#16 C:\wamp\www\multiplatform\03_framework\web\CController.php(785): CBaseController->renderFile('C:\wamp\www\mul...', Array, true)
#17 C:\wamp\www\multiplatform\03_framework\gii\controllers\DefaultController.php(47): CController->render('login', Array)
#18 C:\wamp\www\multiplatform\03_framework\web\actions\CInlineAction.php(50): DefaultController->actionLogin()
#19 C:\wamp\www\multiplatform\03_framework\web\CController.php(309): CInlineAction->runWithParams(Array)
#20 C:\wamp\www\multiplatform\03_framework\web\CController.php(287): CController->runAction(Object(CInlineAction))
#21 C:\wamp\www\multiplatform\03_framework\web\CController.php(266): CController->runActionWithFilters(Object(CInlineAction), Array)
#22 C:\wamp\www\multiplatform\03_framework\web\CWebApplication.php(283): CController->run('login')
#23 C:\wamp\www\multiplatform\03_framework\web\CWebApplication.php(142): CWebApplication->runController('gii/default/log...')
#24 C:\wamp\www\multiplatform\03_framework\base\CApplication.php(162): CWebApplication->processRequest()
#25 C:\wamp\www\multiplatform\01_backend\index.php(13): CApplication->run()
#26 {main}
REQUEST_URI=/gii/default/login
---
2015/07/02 09:37:27 [error] [exception.CDbException] exception 'CDbException' with message 'Relation "administrator_custom_fileds" is not defined in active record class "Administrator".' in C:\wamp\www\multiplatform\03_framework\db\ar\CActiveFinder.php:216
Stack trace:
#0 C:\wamp\www\multiplatform\03_framework\db\ar\CActiveFinder.php(280): CActiveFinder->buildJoinTree(Object(CJoinElement), 'administrator_c...')
#1 C:\wamp\www\multiplatform\03_framework\db\ar\CActiveFinder.php(49): CActiveFinder->buildJoinTree(Object(CJoinElement), Array)
#2 C:\wamp\www\multiplatform\03_framework\db\ar\CActiveRecord.php(1295): CActiveFinder->__construct(Object(Administrator), Array)
#3 C:\wamp\www\multiplatform\03_framework\db\ar\CActiveRecord.php(1426): CActiveRecord->query(Object(CDbCriteria))
#4 C:\wamp\www\multiplatform\01_backend\protected\controllers\SiteController.php(30): CActiveRecord->findByPk(1)
#5 C:\wamp\www\multiplatform\03_framework\web\actions\CInlineAction.php(50): SiteController->actionIndex()
#6 C:\wamp\www\multiplatform\03_framework\web\CController.php(309): CInlineAction->runWithParams(Array)
#7 C:\wamp\www\multiplatform\03_framework\web\CController.php(287): CController->runAction(Object(CInlineAction))
#8 C:\wamp\www\multiplatform\03_framework\web\CController.php(266): CController->runActionWithFilters(Object(CInlineAction), Array)
#9 C:\wamp\www\multiplatform\03_framework\web\CWebApplication.php(283): CController->run('')
#10 C:\wamp\www\multiplatform\03_framework\web\CWebApplication.php(142): CWebApplication->runController('')
#11 C:\wamp\www\multiplatform\03_framework\base\CApplication.php(162): CWebApplication->processRequest()
#12 C:\wamp\www\multiplatform\01_backend\index.php(13): CApplication->run()
#13 {main}
REQUEST_URI=/
---
2015/07/02 10:24:43 [error] [php] include(Expression.php) [<a href='function.include'>function.include</a>]: failed to open stream: No such file or directory (C:\wamp\www\multiplatform\03_framework\YiiBase.php:423)
Stack trace:
#0 C:\wamp\www\multiplatform\01_backend\protected\models\Administrator.php(112): spl_autoload_call()
#1 C:\wamp\www\multiplatform\03_framework\db\ar\CActiveRecord.php(1059): Administrator->beforeSave()
#2 C:\wamp\www\multiplatform\03_framework\db\ar\CActiveRecord.php(796): Administrator->update()
#3 C:\wamp\www\multiplatform\01_backend\protected\controllers\SiteController.php(31): Administrator->save()
#4 C:\wamp\www\multiplatform\03_framework\web\actions\CInlineAction.php(50): SiteController->actionIndex()
#5 C:\wamp\www\multiplatform\03_framework\web\CController.php(309): CInlineAction->runWithParams()
#6 C:\wamp\www\multiplatform\03_framework\web\CController.php(287): SiteController->runAction()
#7 C:\wamp\www\multiplatform\03_framework\web\CController.php(266): SiteController->runActionWithFilters()
#8 C:\wamp\www\multiplatform\03_framework\web\CWebApplication.php(283): SiteController->run()
#9 C:\wamp\www\multiplatform\03_framework\web\CWebApplication.php(142): CWebApplication->runController()
#10 C:\wamp\www\multiplatform\03_framework\base\CApplication.php(162): CWebApplication->processRequest()
#11 C:\wamp\www\multiplatform\01_backend\index.php(13): CWebApplication->run()
REQUEST_URI=/
in C:\wamp\www\multiplatform\01_backend\protected\models\Administrator.php (112)
in C:\wamp\www\multiplatform\01_backend\protected\controllers\SiteController.php (31)
in C:\wamp\www\multiplatform\01_backend\index.php (13)
2015/07/02 10:56:36 [error] [system.db.CDbCommand] CDbCommand::fetchAll() failed: SQLSTATE[42000]: Syntax error or access violation: 1064 You have an error in your SQL syntax; check the manual that corresponds to your MySQL server version for the right syntax to use near 'Array' at line 1. The SQL statement executed was: SELECT `t`.`id`, `t`.`administrator_id`, `t`.`module_id`, `t`.`muodule_action_id`, `t`.`created`, `t`.`modified` FROM `administrator_module_access` `t` Array.
in C:\wamp\www\multiplatform\01_backend\protected\models\Administrator.php (132)
in C:\wamp\www\multiplatform\01_backend\protected\controllers\SiteController.php (31)
in C:\wamp\www\multiplatform\01_backend\index.php (13)
2015/07/02 10:56:36 [error] [exception.CDbException] exception 'CDbException' with message 'CDbCommand failed to execute the SQL statement: SQLSTATE[42000]: Syntax error or access violation: 1064 You have an error in your SQL syntax; check the manual that corresponds to your MySQL server version for the right syntax to use near 'Array' at line 1. The SQL statement executed was: SELECT `t`.`id`, `t`.`administrator_id`, `t`.`module_id`, `t`.`muodule_action_id`, `t`.`created`, `t`.`modified` FROM `administrator_module_access` `t` Array' in C:\wamp\www\multiplatform\03_framework\db\CDbCommand.php:528
Stack trace:
#0 C:\wamp\www\multiplatform\03_framework\db\CDbCommand.php(390): CDbCommand->queryInternal('fetchAll', Array, Array)
#1 C:\wamp\www\multiplatform\03_framework\db\ar\CActiveRecord.php(1291): CDbCommand->queryAll()
#2 C:\wamp\www\multiplatform\03_framework\db\ar\CActiveRecord.php(1410): CActiveRecord->query(Object(CDbCriteria), true)
#3 C:\wamp\www\multiplatform\01_backend\protected\models\Administrator.php(132): CActiveRecord->findAll(Object(CDbCriteria))
#4 C:\wamp\www\multiplatform\01_backend\protected\controllers\SiteController.php(31): Administrator->getMenu()
#5 C:\wamp\www\multiplatform\03_framework\web\actions\CInlineAction.php(50): SiteController->actionIndex()
#6 C:\wamp\www\multiplatform\03_framework\web\CController.php(309): CInlineAction->runWithParams(Array)
#7 C:\wamp\www\multiplatform\03_framework\web\CController.php(287): CController->runAction(Object(CInlineAction))
#8 C:\wamp\www\multiplatform\03_framework\web\CController.php(266): CController->runActionWithFilters(Object(CInlineAction), Array)
#9 C:\wamp\www\multiplatform\03_framework\web\CWebApplication.php(283): CController->run('')
#10 C:\wamp\www\multiplatform\03_framework\web\CWebApplication.php(142): CWebApplication->runController('')
#11 C:\wamp\www\multiplatform\03_framework\base\CApplication.php(162): CWebApplication->processRequest()
#12 C:\wamp\www\multiplatform\01_backend\index.php(13): CApplication->run()
#13 {main}
REQUEST_URI=/
---
2015/07/03 03:48:32 [error] [exception.CHttpException.404] exception 'CHttpException' with message 'Unable to resolve the request "favicon.ico".' in C:\wamp\www\multiplatform\03_framework\web\CWebApplication.php:287
Stack trace:
#0 C:\wamp\www\multiplatform\03_framework\web\CWebApplication.php(142): CWebApplication->runController('favicon.ico')
#1 C:\wamp\www\multiplatform\03_framework\base\CApplication.php(162): CWebApplication->processRequest()
#2 C:\wamp\www\multiplatform\01_backend\index.php(13): CApplication->run()
#3 {main}
REQUEST_URI=/favicon.ico
---
2015/07/03 03:48:32 [error] [exception.CHttpException.404] exception 'CHttpException' with message 'Unable to resolve the request "favicon.ico".' in C:\wamp\www\multiplatform\03_framework\web\CWebApplication.php:287
Stack trace:
#0 C:\wamp\www\multiplatform\03_framework\web\CWebApplication.php(142): CWebApplication->runController('favicon.ico')
#1 C:\wamp\www\multiplatform\03_framework\base\CApplication.php(162): CWebApplication->processRequest()
#2 C:\wamp\www\multiplatform\01_backend\index.php(13): CApplication->run()
#3 {main}
REQUEST_URI=/favicon.ico
---
2015/07/03 03:55:35 [error] [exception.CException] exception 'CException' with message 'Property "AdministratorModuleAccess.module_name" is not defined.' in C:\wamp\www\multiplatform\03_framework\base\CComponent.php:131
Stack trace:
#0 C:\wamp\www\multiplatform\03_framework\db\ar\CActiveRecord.php(144): CComponent->__get('module_name')
#1 C:\wamp\www\multiplatform\01_backend\protected\controllers\SiteController.php(33): CActiveRecord->__get('module_name')
#2 C:\wamp\www\multiplatform\03_framework\web\actions\CInlineAction.php(50): SiteController->actionIndex()
#3 C:\wamp\www\multiplatform\03_framework\web\CController.php(309): CInlineAction->runWithParams(Array)
#4 C:\wamp\www\multiplatform\03_framework\web\CController.php(287): CController->runAction(Object(CInlineAction))
#5 C:\wamp\www\multiplatform\03_framework\web\CController.php(266): CController->runActionWithFilters(Object(CInlineAction), Array)
#6 C:\wamp\www\multiplatform\03_framework\web\CWebApplication.php(283): CController->run('')
#7 C:\wamp\www\multiplatform\03_framework\web\CWebApplication.php(142): CWebApplication->runController('')
#8 C:\wamp\www\multiplatform\03_framework\base\CApplication.php(162): CWebApplication->processRequest()
#9 C:\wamp\www\multiplatform\01_backend\index.php(13): CApplication->run()
#10 {main}
REQUEST_URI=/
---
2015/07/03 03:55:57 [error] [exception.CDbException] exception 'CDbException' with message 'Table "administrator_module_access" does not have a column named "module_name".' in C:\wamp\www\multiplatform\03_framework\db\schema\CDbCommandBuilder.php:570
Stack trace:
#0 C:\wamp\www\multiplatform\03_framework\db\ar\CActiveRecord.php(1458): CDbCommandBuilder->createColumnCriteria(Object(CMysqlTableSchema), Array, '', Array, '`t`.')
#1 C:\wamp\www\multiplatform\01_backend\protected\models\Administrator.php(133): CActiveRecord->findByAttributes(Array)
#2 C:\wamp\www\multiplatform\01_backend\protected\controllers\SiteController.php(31): Administrator->getMenu()
#3 C:\wamp\www\multiplatform\03_framework\web\actions\CInlineAction.php(50): SiteController->actionIndex()
#4 C:\wamp\www\multiplatform\03_framework\web\CController.php(309): CInlineAction->runWithParams(Array)
#5 C:\wamp\www\multiplatform\03_framework\web\CController.php(287): CController->runAction(Object(CInlineAction))
#6 C:\wamp\www\multiplatform\03_framework\web\CController.php(266): CController->runActionWithFilters(Object(CInlineAction), Array)
#7 C:\wamp\www\multiplatform\03_framework\web\CWebApplication.php(283): CController->run('')
#8 C:\wamp\www\multiplatform\03_framework\web\CWebApplication.php(142): CWebApplication->runController('')
#9 C:\wamp\www\multiplatform\03_framework\base\CApplication.php(162): CWebApplication->processRequest()
#10 C:\wamp\www\multiplatform\01_backend\index.php(13): CApplication->run()
#11 {main}
REQUEST_URI=/
---
2015/07/03 03:56:36 [error] [exception.CDbException] exception 'CDbException' with message 'Table "administrator_module_access" does not have a column named "module_name".' in C:\wamp\www\multiplatform\03_framework\db\schema\CDbCommandBuilder.php:570
Stack trace:
#0 C:\wamp\www\multiplatform\03_framework\db\ar\CActiveRecord.php(1458): CDbCommandBuilder->createColumnCriteria(Object(CMysqlTableSchema), Array, '', Array, '`t`.')
#1 C:\wamp\www\multiplatform\01_backend\protected\models\Administrator.php(133): CActiveRecord->findByAttributes(Array)
#2 C:\wamp\www\multiplatform\01_backend\protected\controllers\SiteController.php(31): Administrator->getMenu()
#3 C:\wamp\www\multiplatform\03_framework\web\actions\CInlineAction.php(50): SiteController->actionIndex()
#4 C:\wamp\www\multiplatform\03_framework\web\CController.php(309): CInlineAction->runWithParams(Array)
#5 C:\wamp\www\multiplatform\03_framework\web\CController.php(287): CController->runAction(Object(CInlineAction))
#6 C:\wamp\www\multiplatform\03_framework\web\CController.php(266): CController->runActionWithFilters(Object(CInlineAction), Array)
#7 C:\wamp\www\multiplatform\03_framework\web\CWebApplication.php(283): CController->run('')
#8 C:\wamp\www\multiplatform\03_framework\web\CWebApplication.php(142): CWebApplication->runController('')
#9 C:\wamp\www\multiplatform\03_framework\base\CApplication.php(162): CWebApplication->processRequest()
#10 C:\wamp\www\multiplatform\01_backend\index.php(13): CApplication->run()
#11 {main}
REQUEST_URI=/
---
2015/07/03 03:56:38 [error] [exception.CDbException] exception 'CDbException' with message 'Table "administrator_module_access" does not have a column named "module_name".' in C:\wamp\www\multiplatform\03_framework\db\schema\CDbCommandBuilder.php:570
Stack trace:
#0 C:\wamp\www\multiplatform\03_framework\db\ar\CActiveRecord.php(1458): CDbCommandBuilder->createColumnCriteria(Object(CMysqlTableSchema), Array, '', Array, '`t`.')
#1 C:\wamp\www\multiplatform\01_backend\protected\models\Administrator.php(133): CActiveRecord->findByAttributes(Array)
#2 C:\wamp\www\multiplatform\01_backend\protected\controllers\SiteController.php(31): Administrator->getMenu()
#3 C:\wamp\www\multiplatform\03_framework\web\actions\CInlineAction.php(50): SiteController->actionIndex()
#4 C:\wamp\www\multiplatform\03_framework\web\CController.php(309): CInlineAction->runWithParams(Array)
#5 C:\wamp\www\multiplatform\03_framework\web\CController.php(287): CController->runAction(Object(CInlineAction))
#6 C:\wamp\www\multiplatform\03_framework\web\CController.php(266): CController->runActionWithFilters(Object(CInlineAction), Array)
#7 C:\wamp\www\multiplatform\03_framework\web\CWebApplication.php(283): CController->run('')
#8 C:\wamp\www\multiplatform\03_framework\web\CWebApplication.php(142): CWebApplication->runController('')
#9 C:\wamp\www\multiplatform\03_framework\base\CApplication.php(162): CWebApplication->processRequest()
#10 C:\wamp\www\multiplatform\01_backend\index.php(13): CApplication->run()
#11 {main}
REQUEST_URI=/
---
2015/07/03 03:56:40 [error] [exception.CDbException] exception 'CDbException' with message 'Table "administrator_module_access" does not have a column named "module_name".' in C:\wamp\www\multiplatform\03_framework\db\schema\CDbCommandBuilder.php:570
Stack trace:
#0 C:\wamp\www\multiplatform\03_framework\db\ar\CActiveRecord.php(1458): CDbCommandBuilder->createColumnCriteria(Object(CMysqlTableSchema), Array, '', Array, '`t`.')
#1 C:\wamp\www\multiplatform\01_backend\protected\models\Administrator.php(133): CActiveRecord->findByAttributes(Array)
#2 C:\wamp\www\multiplatform\01_backend\protected\controllers\SiteController.php(31): Administrator->getMenu()
#3 C:\wamp\www\multiplatform\03_framework\web\actions\CInlineAction.php(50): SiteController->actionIndex()
#4 C:\wamp\www\multiplatform\03_framework\web\CController.php(309): CInlineAction->runWithParams(Array)
#5 C:\wamp\www\multiplatform\03_framework\web\CController.php(287): CController->runAction(Object(CInlineAction))
#6 C:\wamp\www\multiplatform\03_framework\web\CController.php(266): CController->runActionWithFilters(Object(CInlineAction), Array)
#7 C:\wamp\www\multiplatform\03_framework\web\CWebApplication.php(283): CController->run('')
#8 C:\wamp\www\multiplatform\03_framework\web\CWebApplication.php(142): CWebApplication->runController('')
#9 C:\wamp\www\multiplatform\03_framework\base\CApplication.php(162): CWebApplication->processRequest()
#10 C:\wamp\www\multiplatform\01_backend\index.php(13): CApplication->run()
#11 {main}
REQUEST_URI=/
---
2015/07/03 03:56:41 [error] [exception.CDbException] exception 'CDbException' with message 'Table "administrator_module_access" does not have a column named "module_name".' in C:\wamp\www\multiplatform\03_framework\db\schema\CDbCommandBuilder.php:570
Stack trace:
#0 C:\wamp\www\multiplatform\03_framework\db\ar\CActiveRecord.php(1458): CDbCommandBuilder->createColumnCriteria(Object(CMysqlTableSchema), Array, '', Array, '`t`.')
#1 C:\wamp\www\multiplatform\01_backend\protected\models\Administrator.php(133): CActiveRecord->findByAttributes(Array)
#2 C:\wamp\www\multiplatform\01_backend\protected\controllers\SiteController.php(31): Administrator->getMenu()
#3 C:\wamp\www\multiplatform\03_framework\web\actions\CInlineAction.php(50): SiteController->actionIndex()
#4 C:\wamp\www\multiplatform\03_framework\web\CController.php(309): CInlineAction->runWithParams(Array)
#5 C:\wamp\www\multiplatform\03_framework\web\CController.php(287): CController->runAction(Object(CInlineAction))
#6 C:\wamp\www\multiplatform\03_framework\web\CController.php(266): CController->runActionWithFilters(Object(CInlineAction), Array)
#7 C:\wamp\www\multiplatform\03_framework\web\CWebApplication.php(283): CController->run('')
#8 C:\wamp\www\multiplatform\03_framework\web\CWebApplication.php(142): CWebApplication->runController('')
#9 C:\wamp\www\multiplatform\03_framework\base\CApplication.php(162): CWebApplication->processRequest()
#10 C:\wamp\www\multiplatform\01_backend\index.php(13): CApplication->run()
#11 {main}
REQUEST_URI=/
---
2015/07/03 03:56:54 [error] [exception.CDbException] exception 'CDbException' with message 'Table "administrator_module_access" does not have a column named "module.module_name".' in C:\wamp\www\multiplatform\03_framework\db\schema\CDbCommandBuilder.php:570
Stack trace:
#0 C:\wamp\www\multiplatform\03_framework\db\ar\CActiveRecord.php(1458): CDbCommandBuilder->createColumnCriteria(Object(CMysqlTableSchema), Array, '', Array, '`t`.')
#1 C:\wamp\www\multiplatform\01_backend\protected\models\Administrator.php(133): CActiveRecord->findByAttributes(Array)
#2 C:\wamp\www\multiplatform\01_backend\protected\controllers\SiteController.php(31): Administrator->getMenu()
#3 C:\wamp\www\multiplatform\03_framework\web\actions\CInlineAction.php(50): SiteController->actionIndex()
#4 C:\wamp\www\multiplatform\03_framework\web\CController.php(309): CInlineAction->runWithParams(Array)
#5 C:\wamp\www\multiplatform\03_framework\web\CController.php(287): CController->runAction(Object(CInlineAction))
#6 C:\wamp\www\multiplatform\03_framework\web\CController.php(266): CController->runActionWithFilters(Object(CInlineAction), Array)
#7 C:\wamp\www\multiplatform\03_framework\web\CWebApplication.php(283): CController->run('')
#8 C:\wamp\www\multiplatform\03_framework\web\CWebApplication.php(142): CWebApplication->runController('')
#9 C:\wamp\www\multiplatform\03_framework\base\CApplication.php(162): CWebApplication->processRequest()
#10 C:\wamp\www\multiplatform\01_backend\index.php(13): CApplication->run()
#11 {main}
REQUEST_URI=/
---
2015/07/03 04:02:00 [error] [exception.CException] exception 'CException' with message 'Property "AdministratorModuleAccess.module_name" is not defined.' in C:\wamp\www\multiplatform\03_framework\base\CComponent.php:131
Stack trace:
#0 C:\wamp\www\multiplatform\03_framework\db\ar\CActiveRecord.php(144): CComponent->__get('module_name')
#1 C:\wamp\www\multiplatform\01_backend\protected\controllers\SiteController.php(33): CActiveRecord->__get('module_name')
#2 C:\wamp\www\multiplatform\03_framework\web\actions\CInlineAction.php(50): SiteController->actionIndex()
#3 C:\wamp\www\multiplatform\03_framework\web\CController.php(309): CInlineAction->runWithParams(Array)
#4 C:\wamp\www\multiplatform\03_framework\web\CController.php(287): CController->runAction(Object(CInlineAction))
#5 C:\wamp\www\multiplatform\03_framework\web\CController.php(266): CController->runActionWithFilters(Object(CInlineAction), Array)
#6 C:\wamp\www\multiplatform\03_framework\web\CWebApplication.php(283): CController->run('')
#7 C:\wamp\www\multiplatform\03_framework\web\CWebApplication.php(142): CWebApplication->runController('')
#8 C:\wamp\www\multiplatform\03_framework\base\CApplication.php(162): CWebApplication->processRequest()
#9 C:\wamp\www\multiplatform\01_backend\index.php(13): CApplication->run()
#10 {main}
REQUEST_URI=/
---
2015/07/03 04:02:12 [error] [exception.CException] exception 'CException' with message 'Property "AdministratorModuleAccess.module_name" is not defined.' in C:\wamp\www\multiplatform\03_framework\base\CComponent.php:131
Stack trace:
#0 C:\wamp\www\multiplatform\03_framework\db\ar\CActiveRecord.php(144): CComponent->__get('module_name')
#1 C:\wamp\www\multiplatform\01_backend\protected\controllers\SiteController.php(33): CActiveRecord->__get('module_name')
#2 C:\wamp\www\multiplatform\03_framework\web\actions\CInlineAction.php(50): SiteController->actionIndex()
#3 C:\wamp\www\multiplatform\03_framework\web\CController.php(309): CInlineAction->runWithParams(Array)
#4 C:\wamp\www\multiplatform\03_framework\web\CController.php(287): CController->runAction(Object(CInlineAction))
#5 C:\wamp\www\multiplatform\03_framework\web\CController.php(266): CController->runActionWithFilters(Object(CInlineAction), Array)
#6 C:\wamp\www\multiplatform\03_framework\web\CWebApplication.php(283): CController->run('')
#7 C:\wamp\www\multiplatform\03_framework\web\CWebApplication.php(142): CWebApplication->runController('')
#8 C:\wamp\www\multiplatform\03_framework\base\CApplication.php(162): CWebApplication->processRequest()
#9 C:\wamp\www\multiplatform\01_backend\index.php(13): CApplication->run()
#10 {main}
REQUEST_URI=/
---
2015/07/03 04:03:30 [error] [exception.CDbException] exception 'CDbException' with message 'Table "administrator_module_access" does not have a column named "module_name".' in C:\wamp\www\multiplatform\03_framework\db\schema\CDbCommandBuilder.php:570
Stack trace:
#0 C:\wamp\www\multiplatform\03_framework\db\ar\CActiveRecord.php(1458): CDbCommandBuilder->createColumnCriteria(Object(CMysqlTableSchema), Array, '', Array, '`t`.')
#1 C:\wamp\www\multiplatform\01_backend\protected\models\Administrator.php(133): CActiveRecord->findByAttributes(Array)
#2 C:\wamp\www\multiplatform\01_backend\protected\controllers\SiteController.php(31): Administrator->getMenu()
#3 C:\wamp\www\multiplatform\03_framework\web\actions\CInlineAction.php(50): SiteController->actionIndex()
#4 C:\wamp\www\multiplatform\03_framework\web\CController.php(309): CInlineAction->runWithParams(Array)
#5 C:\wamp\www\multiplatform\03_framework\web\CController.php(287): CController->runAction(Object(CInlineAction))
#6 C:\wamp\www\multiplatform\03_framework\web\CController.php(266): CController->runActionWithFilters(Object(CInlineAction), Array)
#7 C:\wamp\www\multiplatform\03_framework\web\CWebApplication.php(283): CController->run('')
#8 C:\wamp\www\multiplatform\03_framework\web\CWebApplication.php(142): CWebApplication->runController('')
#9 C:\wamp\www\multiplatform\03_framework\base\CApplication.php(162): CWebApplication->processRequest()
#10 C:\wamp\www\multiplatform\01_backend\index.php(13): CApplication->run()
#11 {main}
REQUEST_URI=/
---
2015/07/03 04:03:41 [error] [exception.CDbException] exception 'CDbException' with message 'Table "administrator_module_access" does not have a column named "module.module_name".' in C:\wamp\www\multiplatform\03_framework\db\schema\CDbCommandBuilder.php:570
Stack trace:
#0 C:\wamp\www\multiplatform\03_framework\db\ar\CActiveRecord.php(1458): CDbCommandBuilder->createColumnCriteria(Object(CMysqlTableSchema), Array, '', Array, '`t`.')
#1 C:\wamp\www\multiplatform\01_backend\protected\models\Administrator.php(133): CActiveRecord->findByAttributes(Array)
#2 C:\wamp\www\multiplatform\01_backend\protected\controllers\SiteController.php(31): Administrator->getMenu()
#3 C:\wamp\www\multiplatform\03_framework\web\actions\CInlineAction.php(50): SiteController->actionIndex()
#4 C:\wamp\www\multiplatform\03_framework\web\CController.php(309): CInlineAction->runWithParams(Array)
#5 C:\wamp\www\multiplatform\03_framework\web\CController.php(287): CController->runAction(Object(CInlineAction))
#6 C:\wamp\www\multiplatform\03_framework\web\CController.php(266): CController->runActionWithFilters(Object(CInlineAction), Array)
#7 C:\wamp\www\multiplatform\03_framework\web\CWebApplication.php(283): CController->run('')
#8 C:\wamp\www\multiplatform\03_framework\web\CWebApplication.php(142): CWebApplication->runController('')
#9 C:\wamp\www\multiplatform\03_framework\base\CApplication.php(162): CWebApplication->processRequest()
#10 C:\wamp\www\multiplatform\01_backend\index.php(13): CApplication->run()
#11 {main}
REQUEST_URI=/
---
2015/07/03 04:05:29 [error] [exception.CException] exception 'CException' with message 'Property "AdministratorModuleAccess.administratorModuleAccesses" is not defined.' in C:\wamp\www\multiplatform\03_framework\base\CComponent.php:131
Stack trace:
#0 C:\wamp\www\multiplatform\03_framework\db\ar\CActiveRecord.php(144): CComponent->__get('administratorMo...')
#1 C:\wamp\www\multiplatform\01_backend\protected\controllers\SiteController.php(33): CActiveRecord->__get('administratorMo...')
#2 C:\wamp\www\multiplatform\03_framework\web\actions\CInlineAction.php(50): SiteController->actionIndex()
#3 C:\wamp\www\multiplatform\03_framework\web\CController.php(309): CInlineAction->runWithParams(Array)
#4 C:\wamp\www\multiplatform\03_framework\web\CController.php(287): CController->runAction(Object(CInlineAction))
#5 C:\wamp\www\multiplatform\03_framework\web\CController.php(266): CController->runActionWithFilters(Object(CInlineAction), Array)
#6 C:\wamp\www\multiplatform\03_framework\web\CWebApplication.php(283): CController->run('')
#7 C:\wamp\www\multiplatform\03_framework\web\CWebApplication.php(142): CWebApplication->runController('')
#8 C:\wamp\www\multiplatform\03_framework\base\CApplication.php(162): CWebApplication->processRequest()
#9 C:\wamp\www\multiplatform\01_backend\index.php(13): CApplication->run()
#10 {main}
REQUEST_URI=/
---
2015/07/03 04:15:04 [error] [php] Invalid argument supplied for foreach() (C:\wamp\www\multiplatform\03_framework\web\helpers\CHtml.php:2208)
Stack trace:
#0 C:\wamp\www\multiplatform\01_backend\protected\controllers\SiteController.php(33): Administrator->getMenu()
#1 C:\wamp\www\multiplatform\03_framework\web\actions\CInlineAction.php(50): SiteController->actionIndex()
#2 C:\wamp\www\multiplatform\03_framework\web\CController.php(309): CInlineAction->runWithParams()
#3 C:\wamp\www\multiplatform\03_framework\web\CController.php(287): SiteController->runAction()
#4 C:\wamp\www\multiplatform\03_framework\web\CController.php(266): SiteController->runActionWithFilters()
#5 C:\wamp\www\multiplatform\03_framework\web\CWebApplication.php(283): SiteController->run()
#6 C:\wamp\www\multiplatform\03_framework\web\CWebApplication.php(142): CWebApplication->runController()
#7 C:\wamp\www\multiplatform\03_framework\base\CApplication.php(162): CWebApplication->processRequest()
#8 C:\wamp\www\multiplatform\01_backend\index.php(13): CWebApplication->run()
REQUEST_URI=/
in C:\wamp\www\multiplatform\01_backend\protected\models\Administrator.php (129)
in C:\wamp\www\multiplatform\01_backend\protected\controllers\SiteController.php (33)
in C:\wamp\www\multiplatform\01_backend\index.php (13)
2015/07/03 04:27:55 [error] [php] Trying to get property of non-object (C:\wamp\www\multiplatform\01_backend\protected\models\Administrator.php:133)
Stack trace:
#0 C:\wamp\www\multiplatform\03_framework\web\CController.php(309): CInlineAction->runWithParams()
#1 C:\wamp\www\multiplatform\03_framework\web\CController.php(287): SiteController->runAction()
#2 C:\wamp\www\multiplatform\03_framework\web\CController.php(266): SiteController->runActionWithFilters()
#3 C:\wamp\www\multiplatform\03_framework\web\CWebApplication.php(283): SiteController->run()
#4 C:\wamp\www\multiplatform\03_framework\web\CWebApplication.php(142): CWebApplication->runController()
#5 C:\wamp\www\multiplatform\03_framework\base\CApplication.php(162): CWebApplication->processRequest()
#6 C:\wamp\www\multiplatform\01_backend\index.php(13): CWebApplication->run()
REQUEST_URI=/
in C:\wamp\www\multiplatform\01_backend\protected\models\Administrator.php (133)
in C:\wamp\www\multiplatform\01_backend\protected\controllers\SiteController.php (33)
in C:\wamp\www\multiplatform\01_backend\index.php (13)
2015/07/03 04:31:33 [error] [php] Trying to get property of non-object (C:\wamp\www\multiplatform\01_backend\protected\models\Administrator.php:133)
Stack trace:
#0 C:\wamp\www\multiplatform\03_framework\web\CController.php(309): CInlineAction->runWithParams()
#1 C:\wamp\www\multiplatform\03_framework\web\CController.php(287): SiteController->runAction()
#2 C:\wamp\www\multiplatform\03_framework\web\CController.php(266): SiteController->runActionWithFilters()
#3 C:\wamp\www\multiplatform\03_framework\web\CWebApplication.php(283): SiteController->run()
#4 C:\wamp\www\multiplatform\03_framework\web\CWebApplication.php(142): CWebApplication->runController()
#5 C:\wamp\www\multiplatform\03_framework\base\CApplication.php(162): CWebApplication->processRequest()
#6 C:\wamp\www\multiplatform\01_backend\index.php(13): CWebApplication->run()
REQUEST_URI=/
in C:\wamp\www\multiplatform\01_backend\protected\models\Administrator.php (133)
in C:\wamp\www\multiplatform\01_backend\protected\controllers\SiteController.php (33)
in C:\wamp\www\multiplatform\01_backend\index.php (13)
2015/07/03 04:31:51 [error] [php] Trying to get property of non-object (C:\wamp\www\multiplatform\01_backend\protected\models\Administrator.php:133)
Stack trace:
#0 C:\wamp\www\multiplatform\03_framework\web\CController.php(309): CInlineAction->runWithParams()
#1 C:\wamp\www\multiplatform\03_framework\web\CController.php(287): SiteController->runAction()
#2 C:\wamp\www\multiplatform\03_framework\web\CController.php(266): SiteController->runActionWithFilters()
#3 C:\wamp\www\multiplatform\03_framework\web\CWebApplication.php(283): SiteController->run()
#4 C:\wamp\www\multiplatform\03_framework\web\CWebApplication.php(142): CWebApplication->runController()
#5 C:\wamp\www\multiplatform\03_framework\base\CApplication.php(162): CWebApplication->processRequest()
#6 C:\wamp\www\multiplatform\01_backend\index.php(13): CWebApplication->run()
REQUEST_URI=/
in C:\wamp\www\multiplatform\01_backend\protected\models\Administrator.php (133)
in C:\wamp\www\multiplatform\01_backend\protected\controllers\SiteController.php (33)
in C:\wamp\www\multiplatform\01_backend\index.php (13)
2015/07/03 05:17:35 [error] [system.db.CDbCommand] CDbCommand::fetchAll() failed: SQLSTATE[42S22]: Column not found: 1054 Unknown column 'action.muodule_action_id' in 'where clause'. The SQL statement executed was: SELECT `action`.`id` AS `t1_c0`, `action`.`module_id` AS `t1_c1`, `action`.`action_name` AS `t1_c2`, `action`.`action_abbr_cd` AS `t1_c3`, `action`.`is_menu` AS `t1_c4`, `action`.`created` AS `t1_c5`, `action`.`modified` AS `t1_c6` FROM `administrator_module_actions` `action`  WHERE (`action`.`muodule_action_id`=:ypl0).
in C:\wamp\www\multiplatform\01_backend\protected\models\Administrator.php (134)
in C:\wamp\www\multiplatform\01_backend\protected\controllers\SiteController.php (33)
in C:\wamp\www\multiplatform\01_backend\index.php (13)
2015/07/03 05:17:35 [error] [exception.CDbException] exception 'CDbException' with message 'CDbCommand failed to execute the SQL statement: SQLSTATE[42S22]: Column not found: 1054 Unknown column 'action.muodule_action_id' in 'where clause'. The SQL statement executed was: SELECT `action`.`id` AS `t1_c0`, `action`.`module_id` AS `t1_c1`, `action`.`action_name` AS `t1_c2`, `action`.`action_abbr_cd` AS `t1_c3`, `action`.`is_menu` AS `t1_c4`, `action`.`created` AS `t1_c5`, `action`.`modified` AS `t1_c6` FROM `administrator_module_actions` `action`  WHERE (`action`.`muodule_action_id`=:ypl0)' in C:\wamp\www\multiplatform\03_framework\db\CDbCommand.php:528
Stack trace:
#0 C:\wamp\www\multiplatform\03_framework\db\CDbCommand.php(390): CDbCommand->queryInternal('fetchAll', Array, Array)
#1 C:\wamp\www\multiplatform\03_framework\db\ar\CActiveFinder.php(784): CDbCommand->queryAll()
#2 C:\wamp\www\multiplatform\03_framework\db\ar\CActiveFinder.php(499): CJoinElement->runQuery(Object(CJoinQuery))
#3 C:\wamp\www\multiplatform\03_framework\db\ar\CActiveFinder.php(167): CJoinElement->lazyFind(Object(AdministratorModuleAccess))
#4 C:\wamp\www\multiplatform\03_framework\db\ar\CActiveRecord.php(273): CActiveFinder->lazyFind(Object(AdministratorModuleAccess))
#5 C:\wamp\www\multiplatform\03_framework\db\ar\CActiveRecord.php(142): CActiveRecord->getRelated('action')
#6 C:\wamp\www\multiplatform\01_backend\protected\models\Administrator.php(134): CActiveRecord->__get('action')
#7 C:\wamp\www\multiplatform\01_backend\protected\controllers\SiteController.php(33): Administrator->getMenu()
#8 C:\wamp\www\multiplatform\03_framework\web\actions\CInlineAction.php(50): SiteController->actionIndex()
#9 C:\wamp\www\multiplatform\03_framework\web\CController.php(309): CInlineAction->runWithParams(Array)
#10 C:\wamp\www\multiplatform\03_framework\web\CController.php(287): CController->runAction(Object(CInlineAction))
#11 C:\wamp\www\multiplatform\03_framework\web\CController.php(266): CController->runActionWithFilters(Object(CInlineAction), Array)
#12 C:\wamp\www\multiplatform\03_framework\web\CWebApplication.php(283): CController->run('')
#13 C:\wamp\www\multiplatform\03_framework\web\CWebApplication.php(142): CWebApplication->runController('')
#14 C:\wamp\www\multiplatform\03_framework\base\CApplication.php(162): CWebApplication->processRequest()
#15 C:\wamp\www\multiplatform\01_backend\index.php(13): CApplication->run()
#16 {main}
REQUEST_URI=/
---
2015/07/03 05:21:24 [error] [exception.CException] exception 'CException' with message 'Property "AdministratorModuleAccess.moduleaction" is not defined.' in C:\wamp\www\multiplatform\03_framework\base\CComponent.php:131
Stack trace:
#0 C:\wamp\www\multiplatform\03_framework\db\ar\CActiveRecord.php(144): CComponent->__get('moduleaction')
#1 C:\wamp\www\multiplatform\01_backend\protected\models\Administrator.php(134): CActiveRecord->__get('moduleaction')
#2 C:\wamp\www\multiplatform\01_backend\protected\controllers\SiteController.php(33): Administrator->getMenu()
#3 C:\wamp\www\multiplatform\03_framework\web\actions\CInlineAction.php(50): SiteController->actionIndex()
#4 C:\wamp\www\multiplatform\03_framework\web\CController.php(309): CInlineAction->runWithParams(Array)
#5 C:\wamp\www\multiplatform\03_framework\web\CController.php(287): CController->runAction(Object(CInlineAction))
#6 C:\wamp\www\multiplatform\03_framework\web\CController.php(266): CController->runActionWithFilters(Object(CInlineAction), Array)
#7 C:\wamp\www\multiplatform\03_framework\web\CWebApplication.php(283): CController->run('')
#8 C:\wamp\www\multiplatform\03_framework\web\CWebApplication.php(142): CWebApplication->runController('')
#9 C:\wamp\www\multiplatform\03_framework\base\CApplication.php(162): CWebApplication->processRequest()
#10 C:\wamp\www\multiplatform\01_backend\index.php(13): CApplication->run()
#11 {main}
REQUEST_URI=/
---
2015/07/03 05:26:01 [error] [php] Invalid argument supplied for foreach() (C:\wamp\www\multiplatform\03_framework\db\schema\CDbCommandBuilder.php:693)
Stack trace:
#0 C:\wamp\www\multiplatform\01_backend\protected\models\Administrator.php(134): AdministratorModuleActions->findByPk()
#1 C:\wamp\www\multiplatform\01_backend\protected\controllers\SiteController.php(33): Administrator->getMenu()
#2 C:\wamp\www\multiplatform\03_framework\web\actions\CInlineAction.php(50): SiteController->actionIndex()
#3 C:\wamp\www\multiplatform\03_framework\web\CController.php(309): CInlineAction->runWithParams()
#4 C:\wamp\www\multiplatform\03_framework\web\CController.php(287): SiteController->runAction()
#5 C:\wamp\www\multiplatform\03_framework\web\CController.php(266): SiteController->runActionWithFilters()
#6 C:\wamp\www\multiplatform\03_framework\web\CWebApplication.php(283): SiteController->run()
#7 C:\wamp\www\multiplatform\03_framework\web\CWebApplication.php(142): CWebApplication->runController()
#8 C:\wamp\www\multiplatform\03_framework\base\CApplication.php(162): CWebApplication->processRequest()
#9 C:\wamp\www\multiplatform\01_backend\index.php(13): CWebApplication->run()
REQUEST_URI=/
in C:\wamp\www\multiplatform\01_backend\protected\models\Administrator.php (134)
in C:\wamp\www\multiplatform\01_backend\protected\controllers\SiteController.php (33)
in C:\wamp\www\multiplatform\01_backend\index.php (13)
2015/07/03 05:26:37 [error] [php] Invalid argument supplied for foreach() (C:\wamp\www\multiplatform\03_framework\db\schema\CDbCommandBuilder.php:693)
Stack trace:
#0 C:\wamp\www\multiplatform\01_backend\protected\models\Administrator.php(134): AdministratorModuleActions->findByPk()
#1 C:\wamp\www\multiplatform\01_backend\protected\controllers\SiteController.php(33): Administrator->getMenu()
#2 C:\wamp\www\multiplatform\03_framework\web\actions\CInlineAction.php(50): SiteController->actionIndex()
#3 C:\wamp\www\multiplatform\03_framework\web\CController.php(309): CInlineAction->runWithParams()
#4 C:\wamp\www\multiplatform\03_framework\web\CController.php(287): SiteController->runAction()
#5 C:\wamp\www\multiplatform\03_framework\web\CController.php(266): SiteController->runActionWithFilters()
#6 C:\wamp\www\multiplatform\03_framework\web\CWebApplication.php(283): SiteController->run()
#7 C:\wamp\www\multiplatform\03_framework\web\CWebApplication.php(142): CWebApplication->runController()
#8 C:\wamp\www\multiplatform\03_framework\base\CApplication.php(162): CWebApplication->processRequest()
#9 C:\wamp\www\multiplatform\01_backend\index.php(13): CWebApplication->run()
REQUEST_URI=/
in C:\wamp\www\multiplatform\01_backend\protected\models\Administrator.php (134)
in C:\wamp\www\multiplatform\01_backend\protected\controllers\SiteController.php (33)
in C:\wamp\www\multiplatform\01_backend\index.php (13)
2015/07/03 05:27:16 [error] [exception.CException] exception 'CException' with message 'Property "AdministratorModuleAccess.module_action_id" is not defined.' in C:\wamp\www\multiplatform\03_framework\base\CComponent.php:131
Stack trace:
#0 C:\wamp\www\multiplatform\03_framework\db\ar\CActiveRecord.php(144): CComponent->__get('module_action_i...')
#1 C:\wamp\www\multiplatform\01_backend\protected\models\Administrator.php(134): CActiveRecord->__get('module_action_i...')
#2 C:\wamp\www\multiplatform\01_backend\protected\controllers\SiteController.php(33): Administrator->getMenu()
#3 C:\wamp\www\multiplatform\03_framework\web\actions\CInlineAction.php(50): SiteController->actionIndex()
#4 C:\wamp\www\multiplatform\03_framework\web\CController.php(309): CInlineAction->runWithParams(Array)
#5 C:\wamp\www\multiplatform\03_framework\web\CController.php(287): CController->runAction(Object(CInlineAction))
#6 C:\wamp\www\multiplatform\03_framework\web\CController.php(266): CController->runActionWithFilters(Object(CInlineAction), Array)
#7 C:\wamp\www\multiplatform\03_framework\web\CWebApplication.php(283): CController->run('')
#8 C:\wamp\www\multiplatform\03_framework\web\CWebApplication.php(142): CWebApplication->runController('')
#9 C:\wamp\www\multiplatform\03_framework\base\CApplication.php(162): CWebApplication->processRequest()
#10 C:\wamp\www\multiplatform\01_backend\index.php(13): CApplication->run()
#11 {main}
REQUEST_URI=/
---
2015/07/03 05:27:43 [error] [php] Invalid argument supplied for foreach() (C:\wamp\www\multiplatform\03_framework\db\schema\CDbCommandBuilder.php:693)
Stack trace:
#0 C:\wamp\www\multiplatform\01_backend\protected\models\Administrator.php(134): AdministratorModuleActions->findByPk()
#1 C:\wamp\www\multiplatform\01_backend\protected\controllers\SiteController.php(33): Administrator->getMenu()
#2 C:\wamp\www\multiplatform\03_framework\web\actions\CInlineAction.php(50): SiteController->actionIndex()
#3 C:\wamp\www\multiplatform\03_framework\web\CController.php(309): CInlineAction->runWithParams()
#4 C:\wamp\www\multiplatform\03_framework\web\CController.php(287): SiteController->runAction()
#5 C:\wamp\www\multiplatform\03_framework\web\CController.php(266): SiteController->runActionWithFilters()
#6 C:\wamp\www\multiplatform\03_framework\web\CWebApplication.php(283): SiteController->run()
#7 C:\wamp\www\multiplatform\03_framework\web\CWebApplication.php(142): CWebApplication->runController()
#8 C:\wamp\www\multiplatform\03_framework\base\CApplication.php(162): CWebApplication->processRequest()
#9 C:\wamp\www\multiplatform\01_backend\index.php(13): CWebApplication->run()
REQUEST_URI=/
in C:\wamp\www\multiplatform\01_backend\protected\models\Administrator.php (134)
in C:\wamp\www\multiplatform\01_backend\protected\controllers\SiteController.php (33)
in C:\wamp\www\multiplatform\01_backend\index.php (13)
2015/07/03 05:28:29 [error] [exception.CDbException] exception 'CDbException' with message 'The value for the column "id" is not supplied when querying the table "administrator_module_actions".' in C:\wamp\www\multiplatform\03_framework\db\schema\CDbCommandBuilder.php:686
Stack trace:
#0 C:\wamp\www\multiplatform\03_framework\db\schema\CDbCommandBuilder.php(498): CDbCommandBuilder->createInCondition(Object(CMysqlTableSchema), Array, Array, '`t`.')
#1 C:\wamp\www\multiplatform\03_framework\db\ar\CActiveRecord.php(1425): CDbCommandBuilder->createPkCriteria(Object(CMysqlTableSchema), 1, '', Array, '`t`.')
#2 C:\wamp\www\multiplatform\01_backend\protected\models\Administrator.php(134): CActiveRecord->findByPk(1)
#3 C:\wamp\www\multiplatform\01_backend\protected\controllers\SiteController.php(33): Administrator->getMenu()
#4 C:\wamp\www\multiplatform\03_framework\web\actions\CInlineAction.php(50): SiteController->actionIndex()
#5 C:\wamp\www\multiplatform\03_framework\web\CController.php(309): CInlineAction->runWithParams(Array)
#6 C:\wamp\www\multiplatform\03_framework\web\CController.php(287): CController->runAction(Object(CInlineAction))
#7 C:\wamp\www\multiplatform\03_framework\web\CController.php(266): CController->runActionWithFilters(Object(CInlineAction), Array)
#8 C:\wamp\www\multiplatform\03_framework\web\CWebApplication.php(283): CController->run('')
#9 C:\wamp\www\multiplatform\03_framework\web\CWebApplication.php(142): CWebApplication->runController('')
#10 C:\wamp\www\multiplatform\03_framework\base\CApplication.php(162): CWebApplication->processRequest()
#11 C:\wamp\www\multiplatform\01_backend\index.php(13): CApplication->run()
#12 {main}
REQUEST_URI=/
---
2015/07/03 05:32:23 [error] [exception.CDbException] exception 'CDbException' with message 'The value for the column "id" is not supplied when querying the table "administrator_module_actions".' in C:\wamp\www\multiplatform\03_framework\db\schema\CDbCommandBuilder.php:686
Stack trace:
#0 C:\wamp\www\multiplatform\03_framework\db\schema\CDbCommandBuilder.php(498): CDbCommandBuilder->createInCondition(Object(CMysqlTableSchema), Array, Array, '`t`.')
#1 C:\wamp\www\multiplatform\03_framework\db\ar\CActiveRecord.php(1425): CDbCommandBuilder->createPkCriteria(Object(CMysqlTableSchema), 1, '', Array, '`t`.')
#2 C:\wamp\www\multiplatform\01_backend\protected\models\Administrator.php(134): CActiveRecord->findByPk(1)
#3 C:\wamp\www\multiplatform\01_backend\protected\controllers\SiteController.php(33): Administrator->getMenu()
#4 C:\wamp\www\multiplatform\03_framework\web\actions\CInlineAction.php(50): SiteController->actionIndex()
#5 C:\wamp\www\multiplatform\03_framework\web\CController.php(309): CInlineAction->runWithParams(Array)
#6 C:\wamp\www\multiplatform\03_framework\web\CController.php(287): CController->runAction(Object(CInlineAction))
#7 C:\wamp\www\multiplatform\03_framework\web\CController.php(266): CController->runActionWithFilters(Object(CInlineAction), Array)
#8 C:\wamp\www\multiplatform\03_framework\web\CWebApplication.php(283): CController->run('')
#9 C:\wamp\www\multiplatform\03_framework\web\CWebApplication.php(142): CWebApplication->runController('')
#10 C:\wamp\www\multiplatform\03_framework\base\CApplication.php(162): CWebApplication->processRequest()
#11 C:\wamp\www\multiplatform\01_backend\index.php(13): CApplication->run()
#12 {main}
REQUEST_URI=/
---
2015/07/03 05:34:11 [error] [exception.CDbException] exception 'CDbException' with message 'The value for the column "id" is not supplied when querying the table "administrator_module_actions".' in C:\wamp\www\multiplatform\03_framework\db\schema\CDbCommandBuilder.php:686
Stack trace:
#0 C:\wamp\www\multiplatform\03_framework\db\schema\CDbCommandBuilder.php(498): CDbCommandBuilder->createInCondition(Object(CMysqlTableSchema), Array, Array, '`t`.')
#1 C:\wamp\www\multiplatform\03_framework\db\ar\CActiveRecord.php(1425): CDbCommandBuilder->createPkCriteria(Object(CMysqlTableSchema), 1, '', Array, '`t`.')
#2 C:\wamp\www\multiplatform\01_backend\protected\models\Administrator.php(134): CActiveRecord->findByPk(1)
#3 C:\wamp\www\multiplatform\01_backend\protected\controllers\SiteController.php(33): Administrator->getMenu()
#4 C:\wamp\www\multiplatform\03_framework\web\actions\CInlineAction.php(50): SiteController->actionIndex()
#5 C:\wamp\www\multiplatform\03_framework\web\CController.php(309): CInlineAction->runWithParams(Array)
#6 C:\wamp\www\multiplatform\03_framework\web\CController.php(287): CController->runAction(Object(CInlineAction))
#7 C:\wamp\www\multiplatform\03_framework\web\CController.php(266): CController->runActionWithFilters(Object(CInlineAction), Array)
#8 C:\wamp\www\multiplatform\03_framework\web\CWebApplication.php(283): CController->run('')
#9 C:\wamp\www\multiplatform\03_framework\web\CWebApplication.php(142): CWebApplication->runController('')
#10 C:\wamp\www\multiplatform\03_framework\base\CApplication.php(162): CWebApplication->processRequest()
#11 C:\wamp\www\multiplatform\01_backend\index.php(13): CApplication->run()
#12 {main}
REQUEST_URI=/
---
2015/07/03 05:34:35 [error] [exception.CDbException] exception 'CDbException' with message 'The value for the column "id" is not supplied when querying the table "administrator_module_actions".' in C:\wamp\www\multiplatform\03_framework\db\schema\CDbCommandBuilder.php:686
Stack trace:
#0 C:\wamp\www\multiplatform\03_framework\db\schema\CDbCommandBuilder.php(498): CDbCommandBuilder->createInCondition(Object(CMysqlTableSchema), Array, Array, '`t`.')
#1 C:\wamp\www\multiplatform\03_framework\db\ar\CActiveRecord.php(1425): CDbCommandBuilder->createPkCriteria(Object(CMysqlTableSchema), 1, '', Array, '`t`.')
#2 C:\wamp\www\multiplatform\01_backend\protected\models\Administrator.php(134): CActiveRecord->findByPk(1)
#3 C:\wamp\www\multiplatform\01_backend\protected\controllers\SiteController.php(33): Administrator->getMenu()
#4 C:\wamp\www\multiplatform\03_framework\web\actions\CInlineAction.php(50): SiteController->actionIndex()
#5 C:\wamp\www\multiplatform\03_framework\web\CController.php(309): CInlineAction->runWithParams(Array)
#6 C:\wamp\www\multiplatform\03_framework\web\CController.php(287): CController->runAction(Object(CInlineAction))
#7 C:\wamp\www\multiplatform\03_framework\web\CController.php(266): CController->runActionWithFilters(Object(CInlineAction), Array)
#8 C:\wamp\www\multiplatform\03_framework\web\CWebApplication.php(283): CController->run('')
#9 C:\wamp\www\multiplatform\03_framework\web\CWebApplication.php(142): CWebApplication->runController('')
#10 C:\wamp\www\multiplatform\03_framework\base\CApplication.php(162): CWebApplication->processRequest()
#11 C:\wamp\www\multiplatform\01_backend\index.php(13): CApplication->run()
#12 {main}
REQUEST_URI=/
---
2015/07/03 05:34:36 [error] [exception.CDbException] exception 'CDbException' with message 'The value for the column "id" is not supplied when querying the table "administrator_module_actions".' in C:\wamp\www\multiplatform\03_framework\db\schema\CDbCommandBuilder.php:686
Stack trace:
#0 C:\wamp\www\multiplatform\03_framework\db\schema\CDbCommandBuilder.php(498): CDbCommandBuilder->createInCondition(Object(CMysqlTableSchema), Array, Array, '`t`.')
#1 C:\wamp\www\multiplatform\03_framework\db\ar\CActiveRecord.php(1425): CDbCommandBuilder->createPkCriteria(Object(CMysqlTableSchema), 1, '', Array, '`t`.')
#2 C:\wamp\www\multiplatform\01_backend\protected\models\Administrator.php(134): CActiveRecord->findByPk(1)
#3 C:\wamp\www\multiplatform\01_backend\protected\controllers\SiteController.php(33): Administrator->getMenu()
#4 C:\wamp\www\multiplatform\03_framework\web\actions\CInlineAction.php(50): SiteController->actionIndex()
#5 C:\wamp\www\multiplatform\03_framework\web\CController.php(309): CInlineAction->runWithParams(Array)
#6 C:\wamp\www\multiplatform\03_framework\web\CController.php(287): CController->runAction(Object(CInlineAction))
#7 C:\wamp\www\multiplatform\03_framework\web\CController.php(266): CController->runActionWithFilters(Object(CInlineAction), Array)
#8 C:\wamp\www\multiplatform\03_framework\web\CWebApplication.php(283): CController->run('')
#9 C:\wamp\www\multiplatform\03_framework\web\CWebApplication.php(142): CWebApplication->runController('')
#10 C:\wamp\www\multiplatform\03_framework\base\CApplication.php(162): CWebApplication->processRequest()
#11 C:\wamp\www\multiplatform\01_backend\index.php(13): CApplication->run()
#12 {main}
REQUEST_URI=/
---
2015/07/03 05:35:18 [error] [exception.CDbException] exception 'CDbException' with message 'The value for the column "id" is not supplied when querying the table "administrator_module_actions".' in C:\wamp\www\multiplatform\03_framework\db\schema\CDbCommandBuilder.php:686
Stack trace:
#0 C:\wamp\www\multiplatform\03_framework\db\schema\CDbCommandBuilder.php(498): CDbCommandBuilder->createInCondition(Object(CMysqlTableSchema), Array, Array, '`t`.')
#1 C:\wamp\www\multiplatform\03_framework\db\ar\CActiveRecord.php(1425): CDbCommandBuilder->createPkCriteria(Object(CMysqlTableSchema), 1, '', Array, '`t`.')
#2 C:\wamp\www\multiplatform\01_backend\protected\models\Administrator.php(134): CActiveRecord->findByPk(1)
#3 C:\wamp\www\multiplatform\01_backend\protected\controllers\SiteController.php(33): Administrator->getMenu()
#4 C:\wamp\www\multiplatform\03_framework\web\actions\CInlineAction.php(50): SiteController->actionIndex()
#5 C:\wamp\www\multiplatform\03_framework\web\CController.php(309): CInlineAction->runWithParams(Array)
#6 C:\wamp\www\multiplatform\03_framework\web\CController.php(287): CController->runAction(Object(CInlineAction))
#7 C:\wamp\www\multiplatform\03_framework\web\CController.php(266): CController->runActionWithFilters(Object(CInlineAction), Array)
#8 C:\wamp\www\multiplatform\03_framework\web\CWebApplication.php(283): CController->run('')
#9 C:\wamp\www\multiplatform\03_framework\web\CWebApplication.php(142): CWebApplication->runController('')
#10 C:\wamp\www\multiplatform\03_framework\base\CApplication.php(162): CWebApplication->processRequest()
#11 C:\wamp\www\multiplatform\01_backend\index.php(13): CApplication->run()
#12 {main}
REQUEST_URI=/
---
2015/07/03 05:41:18 [error] [php] Invalid argument supplied for foreach() (C:\wamp\www\multiplatform\03_framework\db\schema\CDbCommandBuilder.php:693)
Stack trace:
#0 C:\wamp\www\multiplatform\01_backend\protected\models\Administrator.php(135): AdministratorModuleActions->findByPk()
#1 C:\wamp\www\multiplatform\01_backend\protected\controllers\SiteController.php(33): Administrator->getMenu()
#2 C:\wamp\www\multiplatform\03_framework\web\actions\CInlineAction.php(50): SiteController->actionIndex()
#3 C:\wamp\www\multiplatform\03_framework\web\CController.php(309): CInlineAction->runWithParams()
#4 C:\wamp\www\multiplatform\03_framework\web\CController.php(287): SiteController->runAction()
#5 C:\wamp\www\multiplatform\03_framework\web\CController.php(266): SiteController->runActionWithFilters()
#6 C:\wamp\www\multiplatform\03_framework\web\CWebApplication.php(283): SiteController->run()
#7 C:\wamp\www\multiplatform\03_framework\web\CWebApplication.php(142): CWebApplication->runController()
#8 C:\wamp\www\multiplatform\03_framework\base\CApplication.php(162): CWebApplication->processRequest()
#9 C:\wamp\www\multiplatform\01_backend\index.php(13): CWebApplication->run()
REQUEST_URI=/
in C:\wamp\www\multiplatform\01_backend\protected\models\Administrator.php (135)
in C:\wamp\www\multiplatform\01_backend\protected\controllers\SiteController.php (33)
in C:\wamp\www\multiplatform\01_backend\index.php (13)
2015/07/03 05:41:50 [error] [exception.CDbException] exception 'CDbException' with message 'The value for the column "id" is not supplied when querying the table "administrator_module_actions".' in C:\wamp\www\multiplatform\03_framework\db\schema\CDbCommandBuilder.php:686
Stack trace:
#0 C:\wamp\www\multiplatform\03_framework\db\schema\CDbCommandBuilder.php(498): CDbCommandBuilder->createInCondition(Object(CMysqlTableSchema), Array, Array, '`t`.')
#1 C:\wamp\www\multiplatform\03_framework\db\ar\CActiveRecord.php(1425): CDbCommandBuilder->createPkCriteria(Object(CMysqlTableSchema), 1, '', Array, '`t`.')
#2 C:\wamp\www\multiplatform\01_backend\protected\models\Administrator.php(135): CActiveRecord->findByPk(1)
#3 C:\wamp\www\multiplatform\01_backend\protected\controllers\SiteController.php(33): Administrator->getMenu()
#4 C:\wamp\www\multiplatform\03_framework\web\actions\CInlineAction.php(50): SiteController->actionIndex()
#5 C:\wamp\www\multiplatform\03_framework\web\CController.php(309): CInlineAction->runWithParams(Array)
#6 C:\wamp\www\multiplatform\03_framework\web\CController.php(287): CController->runAction(Object(CInlineAction))
#7 C:\wamp\www\multiplatform\03_framework\web\CController.php(266): CController->runActionWithFilters(Object(CInlineAction), Array)
#8 C:\wamp\www\multiplatform\03_framework\web\CWebApplication.php(283): CController->run('')
#9 C:\wamp\www\multiplatform\03_framework\web\CWebApplication.php(142): CWebApplication->runController('')
#10 C:\wamp\www\multiplatform\03_framework\base\CApplication.php(162): CWebApplication->processRequest()
#11 C:\wamp\www\multiplatform\01_backend\index.php(13): CApplication->run()
#12 {main}
REQUEST_URI=/
---
2015/07/03 05:43:21 [error] [php] include(administratorModuleAccesses.php) [<a href='function.include'>function.include</a>]: failed to open stream: No such file or directory (C:\wamp\www\multiplatform\03_framework\YiiBase.php:423)
Stack trace:
#0 C:\wamp\www\multiplatform\01_backend\protected\models\Administrator.php(135): spl_autoload_call()
#1 C:\wamp\www\multiplatform\01_backend\protected\controllers\SiteController.php(33): Administrator->getMenu()
#2 C:\wamp\www\multiplatform\03_framework\web\actions\CInlineAction.php(50): SiteController->actionIndex()
#3 C:\wamp\www\multiplatform\03_framework\web\CController.php(309): CInlineAction->runWithParams()
#4 C:\wamp\www\multiplatform\03_framework\web\CController.php(287): SiteController->runAction()
#5 C:\wamp\www\multiplatform\03_framework\web\CController.php(266): SiteController->runActionWithFilters()
#6 C:\wamp\www\multiplatform\03_framework\web\CWebApplication.php(283): SiteController->run()
#7 C:\wamp\www\multiplatform\03_framework\web\CWebApplication.php(142): CWebApplication->runController()
#8 C:\wamp\www\multiplatform\03_framework\base\CApplication.php(162): CWebApplication->processRequest()
#9 C:\wamp\www\multiplatform\01_backend\index.php(13): CWebApplication->run()
REQUEST_URI=/
in C:\wamp\www\multiplatform\01_backend\protected\models\Administrator.php (135)
in C:\wamp\www\multiplatform\01_backend\protected\controllers\SiteController.php (33)
in C:\wamp\www\multiplatform\01_backend\index.php (13)
2015/07/03 05:43:34 [error] [php] include(AdministratorModuleAccesses.php) [<a href='function.include'>function.include</a>]: failed to open stream: No such file or directory (C:\wamp\www\multiplatform\03_framework\YiiBase.php:423)
Stack trace:
#0 C:\wamp\www\multiplatform\01_backend\protected\models\Administrator.php(135): spl_autoload_call()
#1 C:\wamp\www\multiplatform\01_backend\protected\controllers\SiteController.php(33): Administrator->getMenu()
#2 C:\wamp\www\multiplatform\03_framework\web\actions\CInlineAction.php(50): SiteController->actionIndex()
#3 C:\wamp\www\multiplatform\03_framework\web\CController.php(309): CInlineAction->runWithParams()
#4 C:\wamp\www\multiplatform\03_framework\web\CController.php(287): SiteController->runAction()
#5 C:\wamp\www\multiplatform\03_framework\web\CController.php(266): SiteController->runActionWithFilters()
#6 C:\wamp\www\multiplatform\03_framework\web\CWebApplication.php(283): SiteController->run()
#7 C:\wamp\www\multiplatform\03_framework\web\CWebApplication.php(142): CWebApplication->runController()
#8 C:\wamp\www\multiplatform\03_framework\base\CApplication.php(162): CWebApplication->processRequest()
#9 C:\wamp\www\multiplatform\01_backend\index.php(13): CWebApplication->run()
REQUEST_URI=/
in C:\wamp\www\multiplatform\01_backend\protected\models\Administrator.php (135)
in C:\wamp\www\multiplatform\01_backend\protected\controllers\SiteController.php (33)
in C:\wamp\www\multiplatform\01_backend\index.php (13)
2015/07/03 05:43:35 [error] [php] include(AdministratorModuleAccesses.php) [<a href='function.include'>function.include</a>]: failed to open stream: No such file or directory (C:\wamp\www\multiplatform\03_framework\YiiBase.php:423)
Stack trace:
#0 C:\wamp\www\multiplatform\01_backend\protected\models\Administrator.php(135): spl_autoload_call()
#1 C:\wamp\www\multiplatform\01_backend\protected\controllers\SiteController.php(33): Administrator->getMenu()
#2 C:\wamp\www\multiplatform\03_framework\web\actions\CInlineAction.php(50): SiteController->actionIndex()
#3 C:\wamp\www\multiplatform\03_framework\web\CController.php(309): CInlineAction->runWithParams()
#4 C:\wamp\www\multiplatform\03_framework\web\CController.php(287): SiteController->runAction()
#5 C:\wamp\www\multiplatform\03_framework\web\CController.php(266): SiteController->runActionWithFilters()
#6 C:\wamp\www\multiplatform\03_framework\web\CWebApplication.php(283): SiteController->run()
#7 C:\wamp\www\multiplatform\03_framework\web\CWebApplication.php(142): CWebApplication->runController()
#8 C:\wamp\www\multiplatform\03_framework\base\CApplication.php(162): CWebApplication->processRequest()
#9 C:\wamp\www\multiplatform\01_backend\index.php(13): CWebApplication->run()
REQUEST_URI=/
in C:\wamp\www\multiplatform\01_backend\protected\models\Administrator.php (135)
in C:\wamp\www\multiplatform\01_backend\protected\controllers\SiteController.php (33)
in C:\wamp\www\multiplatform\01_backend\index.php (13)
2015/07/03 05:44:10 [error] [exception.CDbException] exception 'CDbException' with message 'The value for the column "id" is not supplied when querying the table "administrator_module_actions".' in C:\wamp\www\multiplatform\03_framework\db\schema\CDbCommandBuilder.php:686
Stack trace:
#0 C:\wamp\www\multiplatform\03_framework\db\schema\CDbCommandBuilder.php(498): CDbCommandBuilder->createInCondition(Object(CMysqlTableSchema), Array, Array, '`t`.')
#1 C:\wamp\www\multiplatform\03_framework\db\ar\CActiveRecord.php(1425): CDbCommandBuilder->createPkCriteria(Object(CMysqlTableSchema), 1, '', Array, '`t`.')
#2 C:\wamp\www\multiplatform\01_backend\protected\models\Administrator.php(135): CActiveRecord->findByPk(1)
#3 C:\wamp\www\multiplatform\01_backend\protected\controllers\SiteController.php(33): Administrator->getMenu()
#4 C:\wamp\www\multiplatform\03_framework\web\actions\CInlineAction.php(50): SiteController->actionIndex()
#5 C:\wamp\www\multiplatform\03_framework\web\CController.php(309): CInlineAction->runWithParams(Array)
#6 C:\wamp\www\multiplatform\03_framework\web\CController.php(287): CController->runAction(Object(CInlineAction))
#7 C:\wamp\www\multiplatform\03_framework\web\CController.php(266): CController->runActionWithFilters(Object(CInlineAction), Array)
#8 C:\wamp\www\multiplatform\03_framework\web\CWebApplication.php(283): CController->run('')
#9 C:\wamp\www\multiplatform\03_framework\web\CWebApplication.php(142): CWebApplication->runController('')
#10 C:\wamp\www\multiplatform\03_framework\base\CApplication.php(162): CWebApplication->processRequest()
#11 C:\wamp\www\multiplatform\01_backend\index.php(13): CApplication->run()
#12 {main}
REQUEST_URI=/
---
2015/07/03 05:46:24 [error] [exception.CDbException] exception 'CDbException' with message 'The value for the column "id" is not supplied when querying the table "administrator_module_actions".' in C:\wamp\www\multiplatform\03_framework\db\schema\CDbCommandBuilder.php:686
Stack trace:
#0 C:\wamp\www\multiplatform\03_framework\db\schema\CDbCommandBuilder.php(498): CDbCommandBuilder->createInCondition(Object(CMysqlTableSchema), Array, Array, '`t`.')
#1 C:\wamp\www\multiplatform\03_framework\db\ar\CActiveRecord.php(1425): CDbCommandBuilder->createPkCriteria(Object(CMysqlTableSchema), 1, '', Array, '`t`.')
#2 C:\wamp\www\multiplatform\01_backend\protected\models\Administrator.php(135): CActiveRecord->findByPk(1)
#3 C:\wamp\www\multiplatform\01_backend\protected\controllers\SiteController.php(33): Administrator->getMenu()
#4 C:\wamp\www\multiplatform\03_framework\web\actions\CInlineAction.php(50): SiteController->actionIndex()
#5 C:\wamp\www\multiplatform\03_framework\web\CController.php(309): CInlineAction->runWithParams(Array)
#6 C:\wamp\www\multiplatform\03_framework\web\CController.php(287): CController->runAction(Object(CInlineAction))
#7 C:\wamp\www\multiplatform\03_framework\web\CController.php(266): CController->runActionWithFilters(Object(CInlineAction), Array)
#8 C:\wamp\www\multiplatform\03_framework\web\CWebApplication.php(283): CController->run('')
#9 C:\wamp\www\multiplatform\03_framework\web\CWebApplication.php(142): CWebApplication->runController('')
#10 C:\wamp\www\multiplatform\03_framework\base\CApplication.php(162): CWebApplication->processRequest()
#11 C:\wamp\www\multiplatform\01_backend\index.php(13): CApplication->run()
#12 {main}
REQUEST_URI=/
---
2015/07/03 05:49:28 [error] [exception.CException] exception 'CException' with message 'Property "AdministratorModuleAccess.moduleAction" is not defined.' in C:\wamp\www\multiplatform\03_framework\base\CComponent.php:131
Stack trace:
#0 C:\wamp\www\multiplatform\03_framework\db\ar\CActiveRecord.php(144): CComponent->__get('moduleAction')
#1 C:\wamp\www\multiplatform\01_backend\protected\models\Administrator.php(134): CActiveRecord->__get('moduleAction')
#2 C:\wamp\www\multiplatform\01_backend\protected\controllers\SiteController.php(33): Administrator->getMenu()
#3 C:\wamp\www\multiplatform\03_framework\web\actions\CInlineAction.php(50): SiteController->actionIndex()
#4 C:\wamp\www\multiplatform\03_framework\web\CController.php(309): CInlineAction->runWithParams(Array)
#5 C:\wamp\www\multiplatform\03_framework\web\CController.php(287): CController->runAction(Object(CInlineAction))
#6 C:\wamp\www\multiplatform\03_framework\web\CController.php(266): CController->runActionWithFilters(Object(CInlineAction), Array)
#7 C:\wamp\www\multiplatform\03_framework\web\CWebApplication.php(283): CController->run('')
#8 C:\wamp\www\multiplatform\03_framework\web\CWebApplication.php(142): CWebApplication->runController('')
#9 C:\wamp\www\multiplatform\03_framework\base\CApplication.php(162): CWebApplication->processRequest()
#10 C:\wamp\www\multiplatform\01_backend\index.php(13): CApplication->run()
#11 {main}
REQUEST_URI=/
---
2015/07/03 05:52:14 [error] [php] Trying to get property of non-object (C:\wamp\www\multiplatform\01_backend\protected\models\Administrator.php:135)
Stack trace:
#0 C:\wamp\www\multiplatform\03_framework\web\CController.php(309): CInlineAction->runWithParams()
#1 C:\wamp\www\multiplatform\03_framework\web\CController.php(287): SiteController->runAction()
#2 C:\wamp\www\multiplatform\03_framework\web\CController.php(266): SiteController->runActionWithFilters()
#3 C:\wamp\www\multiplatform\03_framework\web\CWebApplication.php(283): SiteController->run()
#4 C:\wamp\www\multiplatform\03_framework\web\CWebApplication.php(142): CWebApplication->runController()
#5 C:\wamp\www\multiplatform\03_framework\base\CApplication.php(162): CWebApplication->processRequest()
#6 C:\wamp\www\multiplatform\01_backend\index.php(13): CWebApplication->run()
REQUEST_URI=/
in C:\wamp\www\multiplatform\01_backend\protected\models\Administrator.php (135)
in C:\wamp\www\multiplatform\01_backend\protected\controllers\SiteController.php (33)
in C:\wamp\www\multiplatform\01_backend\index.php (13)
2015/07/03 06:18:19 [error] [php] Trying to get property of non-object (C:\wamp\www\multiplatform\01_backend\protected\models\Administrator.php:134)
Stack trace:
#0 C:\wamp\www\multiplatform\03_framework\web\CController.php(309): CInlineAction->runWithParams()
#1 C:\wamp\www\multiplatform\03_framework\web\CController.php(287): SiteController->runAction()
#2 C:\wamp\www\multiplatform\03_framework\web\CController.php(266): SiteController->runActionWithFilters()
#3 C:\wamp\www\multiplatform\03_framework\web\CWebApplication.php(283): SiteController->run()
#4 C:\wamp\www\multiplatform\03_framework\web\CWebApplication.php(142): CWebApplication->runController()
#5 C:\wamp\www\multiplatform\03_framework\base\CApplication.php(162): CWebApplication->processRequest()
#6 C:\wamp\www\multiplatform\01_backend\index.php(13): CWebApplication->run()
REQUEST_URI=/
in C:\wamp\www\multiplatform\01_backend\protected\models\Administrator.php (134)
in C:\wamp\www\multiplatform\01_backend\protected\controllers\SiteController.php (33)
in C:\wamp\www\multiplatform\01_backend\index.php (13)
2015/07/03 06:18:42 [error] [php] Trying to get property of non-object (C:\wamp\www\multiplatform\01_backend\protected\models\Administrator.php:134)
Stack trace:
#0 C:\wamp\www\multiplatform\03_framework\web\CController.php(309): CInlineAction->runWithParams()
#1 C:\wamp\www\multiplatform\03_framework\web\CController.php(287): SiteController->runAction()
#2 C:\wamp\www\multiplatform\03_framework\web\CController.php(266): SiteController->runActionWithFilters()
#3 C:\wamp\www\multiplatform\03_framework\web\CWebApplication.php(283): SiteController->run()
#4 C:\wamp\www\multiplatform\03_framework\web\CWebApplication.php(142): CWebApplication->runController()
#5 C:\wamp\www\multiplatform\03_framework\base\CApplication.php(162): CWebApplication->processRequest()
#6 C:\wamp\www\multiplatform\01_backend\index.php(13): CWebApplication->run()
REQUEST_URI=/
in C:\wamp\www\multiplatform\01_backend\protected\models\Administrator.php (134)
in C:\wamp\www\multiplatform\01_backend\protected\controllers\SiteController.php (33)
in C:\wamp\www\multiplatform\01_backend\index.php (13)
2015/07/03 06:57:04 [error] [php] Missing argument 1 for Administrator::getMenu(), called in C:\wamp\www\multiplatform\01_backend\protected\controllers\SiteController.php on line 31 and defined (C:\wamp\www\multiplatform\01_backend\protected\models\Administrator.php:128)
Stack trace:
#0 C:\wamp\www\multiplatform\03_framework\web\CController.php(309): CInlineAction->runWithParams()
#1 C:\wamp\www\multiplatform\03_framework\web\CController.php(287): SiteController->runAction()
#2 C:\wamp\www\multiplatform\03_framework\web\CController.php(266): SiteController->runActionWithFilters()
#3 C:\wamp\www\multiplatform\03_framework\web\CWebApplication.php(283): SiteController->run()
#4 C:\wamp\www\multiplatform\03_framework\web\CWebApplication.php(142): CWebApplication->runController()
#5 C:\wamp\www\multiplatform\03_framework\base\CApplication.php(162): CWebApplication->processRequest()
#6 C:\wamp\www\multiplatform\01_backend\index.php(13): CWebApplication->run()
REQUEST_URI=/
in C:\wamp\www\multiplatform\01_backend\protected\models\Administrator.php (128)
in C:\wamp\www\multiplatform\01_backend\protected\controllers\SiteController.php (31)
in C:\wamp\www\multiplatform\01_backend\index.php (13)
2015/07/03 07:11:18 [error] [exception.PHPTAL_VariableNotFoundException] exception 'PHPTAL_VariableNotFoundException' with message 'SiteController object doesn't have method/property named 'title'' in C:\wamp\www\multiplatform\01_backend\themes\classic\views\layouts\main.html:9
Stack trace:
#0 C:\wamp\www\multiplatform\01_backend\protected\vendors\phptal\PHPTAL\Context.php(408): PHPTAL_Context::pathError(Object(SiteController), 'title', 'title')
#1 C:\wamp\www\multiplatform\01_backend\protected\vendors\phptal\PHPTAL.php(845) : eval()'d code(26): PHPTAL_Context::path(Object(SiteController), 'title')
#2 C:\wamp\www\multiplatform\01_backend\protected\vendors\phptal\PHPTAL.php(675): tpl_5590f077_main__YsZb5ipXJUsAj0f52qCRJA(Object(PHPTAL), Object(PHPTAL_Context))
#3 C:\wamp\www\multiplatform\01_backend\protected\extensions\PHPTALViewRenderer.php(52): PHPTAL->execute()
#4 C:\wamp\www\multiplatform\03_framework\web\CBaseController.php(94): PHPTALViewRenderer->renderFile(Object(SiteController), 'C:\wamp\www\mul...', Array, true)
#5 C:\wamp\www\multiplatform\03_framework\web\widgets\CContentDecorator.php(77): CBaseController->renderFile('C:\wamp\www\mul...', Array, true)
#6 C:\wamp\www\multiplatform\03_framework\web\widgets\CContentDecorator.php(55): CContentDecorator->decorate('<div id="conten...')
#7 C:\wamp\www\multiplatform\03_framework\web\widgets\COutputProcessor.php(45): CContentDecorator->processOutput('<div id="conten...')
#8 C:\wamp\www\multiplatform\03_framework\web\CBaseController.php(207): COutputProcessor->run()
#9 C:\wamp\www\multiplatform\03_framework\web\CBaseController.php(301): CBaseController->endWidget('CContentDecorat...')
#10 C:\wamp\www\multiplatform\01_backend\protected\views\layouts\column1.php(6): CBaseController->endContent()
#11 C:\wamp\www\multiplatform\03_framework\web\CBaseController.php(127): require('C:\wamp\www\mul...')
#12 C:\wamp\www\multiplatform\03_framework\web\CBaseController.php(96): CBaseController->renderInternal('C:\wamp\www\mul...', Array, true)
#13 C:\wamp\www\multiplatform\03_framework\web\CController.php(785): CBaseController->renderFile('C:\wamp\www\mul...', Array, true)
#14 C:\wamp\www\multiplatform\01_backend\protected\controllers\SiteController.php(32): CController->render('index')
#15 C:\wamp\www\multiplatform\03_framework\web\actions\CInlineAction.php(50): SiteController->actionIndex()
#16 C:\wamp\www\multiplatform\03_framework\web\CController.php(309): CInlineAction->runWithParams(Array)
#17 C:\wamp\www\multiplatform\03_framework\web\CController.php(287): CController->runAction(Object(CInlineAction))
#18 C:\wamp\www\multiplatform\03_framework\web\CController.php(266): CController->runActionWithFilters(Object(CInlineAction), Array)
#19 C:\wamp\www\multiplatform\03_framework\web\CWebApplication.php(283): CController->run('')
#20 C:\wamp\www\multiplatform\03_framework\web\CWebApplication.php(142): CWebApplication->runController('')
#21 C:\wamp\www\multiplatform\03_framework\base\CApplication.php(162): CWebApplication->processRequest()
#22 C:\wamp\www\multiplatform\01_backend\index.php(13): CApplication->run()
#23 {main}
REQUEST_URI=/
---
2015/07/03 07:18:38 [error] [exception.PHPTAL_VariableNotFoundException] exception 'PHPTAL_VariableNotFoundException' with message 'CAttributeCollection object doesn't have method/property named 'appName'' in C:\wamp\www\multiplatform\01_backend\themes\classic\views\layouts\main.html:10
Stack trace:
#0 C:\wamp\www\multiplatform\01_backend\protected\vendors\phptal\PHPTAL\Context.php(408): PHPTAL_Context::pathError(Object(CAttributeCollection), 'appName', 'appName')
#1 C:\wamp\www\multiplatform\01_backend\protected\vendors\phptal\PHPTAL.php(845) : eval()'d code(28): PHPTAL_Context::path(Object(CAttributeCollection), 'appName')
#2 C:\wamp\www\multiplatform\01_backend\protected\vendors\phptal\PHPTAL.php(675): tpl_5596374b_main__YsZb5ipXJUsAj0f52qCRJA(Object(PHPTAL), Object(PHPTAL_Context))
#3 C:\wamp\www\multiplatform\01_backend\protected\extensions\PHPTALViewRenderer.php(52): PHPTAL->execute()
#4 C:\wamp\www\multiplatform\03_framework\web\CBaseController.php(94): PHPTALViewRenderer->renderFile(Object(SiteController), 'C:\wamp\www\mul...', Array, true)
#5 C:\wamp\www\multiplatform\03_framework\web\CController.php(785): CBaseController->renderFile('C:\wamp\www\mul...', Array, true)
#6 C:\wamp\www\multiplatform\01_backend\protected\controllers\SiteController.php(32): CController->render('index')
#7 C:\wamp\www\multiplatform\03_framework\web\actions\CInlineAction.php(50): SiteController->actionIndex()
#8 C:\wamp\www\multiplatform\03_framework\web\CController.php(309): CInlineAction->runWithParams(Array)
#9 C:\wamp\www\multiplatform\03_framework\web\CController.php(287): CController->runAction(Object(CInlineAction))
#10 C:\wamp\www\multiplatform\03_framework\web\CController.php(266): CController->runActionWithFilters(Object(CInlineAction), Array)
#11 C:\wamp\www\multiplatform\03_framework\web\CWebApplication.php(283): CController->run('')
#12 C:\wamp\www\multiplatform\03_framework\web\CWebApplication.php(142): CWebApplication->runController('')
#13 C:\wamp\www\multiplatform\03_framework\base\CApplication.php(162): CWebApplication->processRequest()
#14 C:\wamp\www\multiplatform\01_backend\index.php(13): CApplication->run()
#15 {main}
REQUEST_URI=/
---
2015/07/03 07:18:50 [error] [exception.CException] exception 'CException' with message 'Alias "application.widgets.Menu" is invalid. Make sure it points to an existing PHP file and the file is readable.' in C:\wamp\www\multiplatform\03_framework\YiiBase.php:318
Stack trace:
#0 C:\wamp\www\multiplatform\03_framework\web\CWidgetFactory.php(147): YiiBase::import('application.wid...', true)
#1 C:\wamp\www\multiplatform\03_framework\web\CBaseController.php(147): CWidgetFactory->createWidget(Object(SiteController), 'application.wid...', Array)
#2 C:\wamp\www\multiplatform\03_framework\web\CBaseController.php(167): CBaseController->createWidget('application.wid...', Array)
#3 C:\wamp\www\multiplatform\01_backend\protected\vendors\phptal\PHPTAL.php(845) : eval()'d code(104): CBaseController->widget('application.wid...', Array, true)
#4 C:\wamp\www\multiplatform\01_backend\protected\vendors\phptal\PHPTAL.php(675): tpl_55963759_main__YsZb5ipXJUsAj0f52qCRJA(Object(PHPTAL), Object(PHPTAL_Context))
#5 C:\wamp\www\multiplatform\01_backend\protected\extensions\PHPTALViewRenderer.php(52): PHPTAL->execute()
#6 C:\wamp\www\multiplatform\03_framework\web\CBaseController.php(94): PHPTALViewRenderer->renderFile(Object(SiteController), 'C:\wamp\www\mul...', Array, true)
#7 C:\wamp\www\multiplatform\03_framework\web\CController.php(785): CBaseController->renderFile('C:\wamp\www\mul...', Array, true)
#8 C:\wamp\www\multiplatform\01_backend\protected\controllers\SiteController.php(32): CController->render('index')
#9 C:\wamp\www\multiplatform\03_framework\web\actions\CInlineAction.php(50): SiteController->actionIndex()
#10 C:\wamp\www\multiplatform\03_framework\web\CController.php(309): CInlineAction->runWithParams(Array)
#11 C:\wamp\www\multiplatform\03_framework\web\CController.php(287): CController->runAction(Object(CInlineAction))
#12 C:\wamp\www\multiplatform\03_framework\web\CController.php(266): CController->runActionWithFilters(Object(CInlineAction), Array)
#13 C:\wamp\www\multiplatform\03_framework\web\CWebApplication.php(283): CController->run('')
#14 C:\wamp\www\multiplatform\03_framework\web\CWebApplication.php(142): CWebApplication->runController('')
#15 C:\wamp\www\multiplatform\03_framework\base\CApplication.php(162): CWebApplication->processRequest()
#16 C:\wamp\www\multiplatform\01_backend\index.php(13): CApplication->run()
#17 {main}
REQUEST_URI=/
---
2015/07/03 07:27:17 [error] [exception.CException] exception 'CException' with message 'Alias "application.widgets.Menu" is invalid. Make sure it points to an existing PHP file and the file is readable.' in C:\wamp\www\multiplatform\03_framework\YiiBase.php:318
Stack trace:
#0 C:\wamp\www\multiplatform\03_framework\web\CWidgetFactory.php(147): YiiBase::import('application.wid...', true)
#1 C:\wamp\www\multiplatform\03_framework\web\CBaseController.php(147): CWidgetFactory->createWidget(Object(SiteController), 'application.wid...', Array)
#2 C:\wamp\www\multiplatform\03_framework\web\CBaseController.php(167): CBaseController->createWidget('application.wid...', Array)
#3 C:\Windows\Temp\tpl_55963759_main__YsZb5ipXJUsAj0f52qCRJA.php(103): CBaseController->widget('application.wid...', Array, true)
#4 C:\wamp\www\multiplatform\01_backend\protected\vendors\phptal\PHPTAL.php(675): tpl_55963759_main__YsZb5ipXJUsAj0f52qCRJA(Object(PHPTAL), Object(PHPTAL_Context))
#5 C:\wamp\www\multiplatform\01_backend\protected\extensions\PHPTALViewRenderer.php(52): PHPTAL->execute()
#6 C:\wamp\www\multiplatform\03_framework\web\CBaseController.php(94): PHPTALViewRenderer->renderFile(Object(SiteController), 'C:\wamp\www\mul...', Array, true)
#7 C:\wamp\www\multiplatform\03_framework\web\CController.php(785): CBaseController->renderFile('C:\wamp\www\mul...', Array, true)
#8 C:\wamp\www\multiplatform\01_backend\protected\controllers\SiteController.php(32): CController->render('index')
#9 C:\wamp\www\multiplatform\03_framework\web\actions\CInlineAction.php(50): SiteController->actionIndex()
#10 C:\wamp\www\multiplatform\03_framework\web\CController.php(309): CInlineAction->runWithParams(Array)
#11 C:\wamp\www\multiplatform\03_framework\web\CController.php(287): CController->runAction(Object(CInlineAction))
#12 C:\wamp\www\multiplatform\03_framework\web\CController.php(266): CController->runActionWithFilters(Object(CInlineAction), Array)
#13 C:\wamp\www\multiplatform\03_framework\web\CWebApplication.php(283): CController->run('')
#14 C:\wamp\www\multiplatform\03_framework\web\CWebApplication.php(142): CWebApplication->runController('')
#15 C:\wamp\www\multiplatform\03_framework\base\CApplication.php(162): CWebApplication->processRequest()
#16 C:\wamp\www\multiplatform\01_backend\index.php(13): CApplication->run()
#17 {main}
REQUEST_URI=/
---
2015/07/03 07:35:59 [error] [exception.CException] exception 'CException' with message 'SiteController cannot find the requested view "menu".' in C:\wamp\www\multiplatform\03_framework\web\CController.php:879
Stack trace:
#0 C:\wamp\www\multiplatform\03_framework\web\CController.php(783): CController->renderPartial('menu', NULL, true)
#1 C:\wamp\www\multiplatform\01_backend\protected\components\Controller.php(28): CController->render('menu')
#2 C:\wamp\www\multiplatform\01_backend\protected\components\Controller.php(24): Controller->_getHTMLMenu(Array)
#3 C:\wamp\www\multiplatform\03_framework\web\CWebApplication.php(282): Controller->init()
#4 C:\wamp\www\multiplatform\03_framework\web\CWebApplication.php(142): CWebApplication->runController('')
#5 C:\wamp\www\multiplatform\03_framework\base\CApplication.php(162): CWebApplication->processRequest()
#6 C:\wamp\www\multiplatform\01_backend\index.php(13): CApplication->run()
#7 {main}
REQUEST_URI=/
---
2015/07/03 07:38:03 [error] [exception.CException] exception 'CException' with message 'SiteController cannot find the requested view "menu".' in C:\wamp\www\multiplatform\03_framework\web\CController.php:879
Stack trace:
#0 C:\wamp\www\multiplatform\01_backend\protected\components\Controller.php(28): CController->renderPartial('menu')
#1 C:\wamp\www\multiplatform\01_backend\protected\components\Controller.php(24): Controller->_getHTMLMenu(Array)
#2 C:\wamp\www\multiplatform\03_framework\web\CWebApplication.php(282): Controller->init()
#3 C:\wamp\www\multiplatform\03_framework\web\CWebApplication.php(142): CWebApplication->runController('')
#4 C:\wamp\www\multiplatform\03_framework\base\CApplication.php(162): CWebApplication->processRequest()
#5 C:\wamp\www\multiplatform\01_backend\index.php(13): CApplication->run()
#6 {main}
REQUEST_URI=/
---
2015/07/03 07:40:42 [error] [exception.CException] exception 'CException' with message 'SiteController cannot find the requested view "C:\wamp\www\multiplatform\01_backend\themes\classic\menu".' in C:\wamp\www\multiplatform\03_framework\web\CController.php:879
Stack trace:
#0 C:\wamp\www\multiplatform\01_backend\protected\components\Controller.php(29): CController->renderPartial('C:\wamp\www\mul...')
#1 C:\wamp\www\multiplatform\01_backend\protected\components\Controller.php(24): Controller->_getHTMLMenu(Array)
#2 C:\wamp\www\multiplatform\03_framework\web\CWebApplication.php(282): Controller->init()
#3 C:\wamp\www\multiplatform\03_framework\web\CWebApplication.php(142): CWebApplication->runController('')
#4 C:\wamp\www\multiplatform\03_framework\base\CApplication.php(162): CWebApplication->processRequest()
#5 C:\wamp\www\multiplatform\01_backend\index.php(13): CApplication->run()
#6 {main}
REQUEST_URI=/
---
2015/07/03 07:42:26 [error] [exception.PHPTAL_VariableNotFoundException] exception 'PHPTAL_VariableNotFoundException' with message 'Unable to find variable 'menu' in current scope' in C:\wamp\www\multiplatform\01_backend\themes\classic\views\site\menu.html:1
Stack trace:
#0 C:\wamp\www\multiplatform\01_backend\protected\vendors\phptal\PHPTAL.php(845) : eval()'d code(8): PHPTAL_Context->__get('menu')
#1 C:\wamp\www\multiplatform\01_backend\protected\vendors\phptal\PHPTAL.php(675): tpl_558bb746_menu__qmqWZ7Mr4FNOQ04w_Pa4aw(Object(PHPTAL), Object(PHPTAL_Context))
#2 C:\wamp\www\multiplatform\01_backend\protected\extensions\PHPTALViewRenderer.php(52): PHPTAL->execute()
#3 C:\wamp\www\multiplatform\03_framework\web\CBaseController.php(94): PHPTALViewRenderer->renderFile(Object(SiteController), 'C:\wamp\www\mul...', NULL, true)
#4 C:\wamp\www\multiplatform\03_framework\web\CController.php(870): CBaseController->renderFile('C:\wamp\www\mul...', NULL, true)
#5 C:\wamp\www\multiplatform\01_backend\protected\components\Controller.php(29): CController->renderPartial('menu')
#6 C:\wamp\www\multiplatform\01_backend\protected\components\Controller.php(24): Controller->_getHTMLMenu(Array)
#7 C:\wamp\www\multiplatform\03_framework\web\CWebApplication.php(282): Controller->init()
#8 C:\wamp\www\multiplatform\03_framework\web\CWebApplication.php(142): CWebApplication->runController('')
#9 C:\wamp\www\multiplatform\03_framework\base\CApplication.php(162): CWebApplication->processRequest()
#10 C:\wamp\www\multiplatform\01_backend\index.php(13): CApplication->run()
#11 {main}
REQUEST_URI=/
---
2015/07/03 07:43:03 [error] [exception.PHPTAL_VariableNotFoundException] exception 'PHPTAL_VariableNotFoundException' with message 'Unable to find variable 'menu' in current scope' in C:\wamp\www\multiplatform\01_backend\themes\classic\views\site\menu.html:1
Stack trace:
#0 C:\Windows\Temp\tpl_558bb746_menu__qmqWZ7Mr4FNOQ04w_Pa4aw.php(7): PHPTAL_Context->__get('menu')
#1 C:\wamp\www\multiplatform\01_backend\protected\vendors\phptal\PHPTAL.php(675): tpl_558bb746_menu__qmqWZ7Mr4FNOQ04w_Pa4aw(Object(PHPTAL), Object(PHPTAL_Context))
#2 C:\wamp\www\multiplatform\01_backend\protected\extensions\PHPTALViewRenderer.php(52): PHPTAL->execute()
#3 C:\wamp\www\multiplatform\03_framework\web\CBaseController.php(94): PHPTALViewRenderer->renderFile(Object(SiteController), 'C:\wamp\www\mul...', NULL, true)
#4 C:\wamp\www\multiplatform\03_framework\web\CController.php(870): CBaseController->renderFile('C:\wamp\www\mul...', NULL, true)
#5 C:\wamp\www\multiplatform\03_framework\web\CController.php(783): CController->renderPartial('menu', NULL, true)
#6 C:\wamp\www\multiplatform\01_backend\protected\components\Controller.php(29): CController->render('menu')
#7 C:\wamp\www\multiplatform\01_backend\protected\components\Controller.php(24): Controller->_getHTMLMenu(Array)
#8 C:\wamp\www\multiplatform\03_framework\web\CWebApplication.php(282): Controller->init()
#9 C:\wamp\www\multiplatform\03_framework\web\CWebApplication.php(142): CWebApplication->runController('')
#10 C:\wamp\www\multiplatform\03_framework\base\CApplication.php(162): CWebApplication->processRequest()
#11 C:\wamp\www\multiplatform\01_backend\index.php(13): CApplication->run()
#12 {main}
REQUEST_URI=/
---
2015/07/03 07:48:22 [error] [exception.CException] exception 'CException' with message 'SiteController cannot find the requested view "menu".' in C:\wamp\www\multiplatform\03_framework\web\CController.php:879
Stack trace:
#0 C:\wamp\www\multiplatform\01_backend\protected\components\Controller.php(29): CController->renderPartial('menu', NULL, true)
#1 C:\wamp\www\multiplatform\01_backend\protected\components\Controller.php(24): Controller->_getHTMLMenu(Array)
#2 C:\wamp\www\multiplatform\03_framework\web\CWebApplication.php(282): Controller->init()
#3 C:\wamp\www\multiplatform\03_framework\web\CWebApplication.php(142): CWebApplication->runController('')
#4 C:\wamp\www\multiplatform\03_framework\base\CApplication.php(162): CWebApplication->processRequest()
#5 C:\wamp\www\multiplatform\01_backend\index.php(13): CApplication->run()
#6 {main}
REQUEST_URI=/
---
2015/07/03 08:01:41 [error] [exception.CHttpException.404] exception 'CHttpException' with message 'The system is unable to find the requested action "contents".' in C:\wamp\www\multiplatform\03_framework\web\CController.php:484
Stack trace:
#0 C:\wamp\www\multiplatform\03_framework\web\CController.php(271): CController->missingAction('contents')
#1 C:\wamp\www\multiplatform\03_framework\web\CWebApplication.php(283): CController->run('contents')
#2 C:\wamp\www\multiplatform\03_framework\web\CWebApplication.php(142): CWebApplication->runController('site/contents')
#3 C:\wamp\www\multiplatform\03_framework\base\CApplication.php(162): CWebApplication->processRequest()
#4 C:\wamp\www\multiplatform\01_backend\index.php(13): CApplication->run()
#5 {main}
REQUEST_URI=/contents
HTTP_REFERER=http://cms.platform.dev/
---
2015/07/03 08:03:17 [error] [exception.CHttpException.404] exception 'CHttpException' with message 'The system is unable to find the requested action "contents".' in C:\wamp\www\multiplatform\03_framework\web\CController.php:484
Stack trace:
#0 C:\wamp\www\multiplatform\03_framework\web\CController.php(271): CController->missingAction('contents')
#1 C:\wamp\www\multiplatform\03_framework\web\CWebApplication.php(283): CController->run('contents')
#2 C:\wamp\www\multiplatform\03_framework\web\CWebApplication.php(142): CWebApplication->runController('site/contents')
#3 C:\wamp\www\multiplatform\03_framework\base\CApplication.php(162): CWebApplication->processRequest()
#4 C:\wamp\www\multiplatform\01_backend\index.php(13): CApplication->run()
#5 {main}
REQUEST_URI=/contents
HTTP_REFERER=http://cms.platform.dev/
---
2015/07/03 08:04:09 [error] [exception.CHttpException.404] exception 'CHttpException' with message 'The system is unable to find the requested action "contents".' in C:\wamp\www\multiplatform\03_framework\web\CController.php:484
Stack trace:
#0 C:\wamp\www\multiplatform\03_framework\web\CController.php(271): CController->missingAction('contents')
#1 C:\wamp\www\multiplatform\03_framework\web\CWebApplication.php(283): CController->run('contents')
#2 C:\wamp\www\multiplatform\03_framework\web\CWebApplication.php(142): CWebApplication->runController('site/contents')
#3 C:\wamp\www\multiplatform\03_framework\base\CApplication.php(162): CWebApplication->processRequest()
#4 C:\wamp\www\multiplatform\01_backend\index.php(13): CApplication->run()
#5 {main}
REQUEST_URI=/contents
HTTP_REFERER=http://cms.platform.dev/
---
2015/07/03 08:04:38 [error] [exception.CHttpException.404] exception 'CHttpException' with message 'The system is unable to find the requested action "contents".' in C:\wamp\www\multiplatform\03_framework\web\CController.php:484
Stack trace:
#0 C:\wamp\www\multiplatform\03_framework\web\CController.php(271): CController->missingAction('contents')
#1 C:\wamp\www\multiplatform\03_framework\web\CWebApplication.php(283): CController->run('contents')
#2 C:\wamp\www\multiplatform\03_framework\web\CWebApplication.php(142): CWebApplication->runController('site/contents')
#3 C:\wamp\www\multiplatform\03_framework\base\CApplication.php(162): CWebApplication->processRequest()
#4 C:\wamp\www\multiplatform\01_backend\index.php(13): CApplication->run()
#5 {main}
REQUEST_URI=/contents
HTTP_REFERER=http://cms.platform.dev/
---
2015/07/03 08:04:40 [error] [exception.CHttpException.404] exception 'CHttpException' with message 'The system is unable to find the requested action "contents".' in C:\wamp\www\multiplatform\03_framework\web\CController.php:484
Stack trace:
#0 C:\wamp\www\multiplatform\03_framework\web\CController.php(271): CController->missingAction('contents')
#1 C:\wamp\www\multiplatform\03_framework\web\CWebApplication.php(283): CController->run('contents')
#2 C:\wamp\www\multiplatform\03_framework\web\CWebApplication.php(142): CWebApplication->runController('site/contents')
#3 C:\wamp\www\multiplatform\03_framework\base\CApplication.php(162): CWebApplication->processRequest()
#4 C:\wamp\www\multiplatform\01_backend\index.php(13): CApplication->run()
#5 {main}
REQUEST_URI=/contents
HTTP_REFERER=http://cms.platform.dev/
---
2015/07/03 08:14:22 [error] [exception.CHttpException.404] exception 'CHttpException' with message 'Unable to resolve the request "themes/classic/assets//img/bg_texture.png".' in C:\wamp\www\multiplatform\03_framework\web\CWebApplication.php:287
Stack trace:
#0 C:\wamp\www\multiplatform\03_framework\web\CWebApplication.php(142): CWebApplication->runController('themes/classic/...')
#1 C:\wamp\www\multiplatform\03_framework\base\CApplication.php(162): CWebApplication->processRequest()
#2 C:\wamp\www\multiplatform\01_backend\index.php(13): CApplication->run()
#3 {main}
REQUEST_URI=/themes/classic/assets//img/bg_texture.png
HTTP_REFERER=http://cms.platform.dev/themes/classic/assets//css/style.css
---
2015/07/03 08:14:55 [error] [exception.CHttpException.404] exception 'CHttpException' with message 'Unable to resolve the request "themes/classic/assets//img/bg_texture.png".' in C:\wamp\www\multiplatform\03_framework\web\CWebApplication.php:287
Stack trace:
#0 C:\wamp\www\multiplatform\03_framework\web\CWebApplication.php(142): CWebApplication->runController('themes/classic/...')
#1 C:\wamp\www\multiplatform\03_framework\base\CApplication.php(162): CWebApplication->processRequest()
#2 C:\wamp\www\multiplatform\01_backend\index.php(13): CApplication->run()
#3 {main}
REQUEST_URI=/themes/classic/assets//img/bg_texture.png
HTTP_REFERER=http://cms.platform.dev/themes/classic/assets//css/style.css
---
2015/07/03 08:15:16 [error] [exception.CHttpException.404] exception 'CHttpException' with message 'Unable to resolve the request "themes/classic/assets//img/bg_texture.png".' in C:\wamp\www\multiplatform\03_framework\web\CWebApplication.php:287
Stack trace:
#0 C:\wamp\www\multiplatform\03_framework\web\CWebApplication.php(142): CWebApplication->runController('themes/classic/...')
#1 C:\wamp\www\multiplatform\03_framework\base\CApplication.php(162): CWebApplication->processRequest()
#2 C:\wamp\www\multiplatform\01_backend\index.php(13): CApplication->run()
#3 {main}
REQUEST_URI=/themes/classic/assets//img/bg_texture.png
HTTP_REFERER=http://cms.platform.dev/themes/classic/assets//css/style.css
---
2015/07/03 08:15:19 [error] [exception.CHttpException.404] exception 'CHttpException' with message 'Unable to resolve the request "themes/classic/assets//img/bg_texture.png".' in C:\wamp\www\multiplatform\03_framework\web\CWebApplication.php:287
Stack trace:
#0 C:\wamp\www\multiplatform\03_framework\web\CWebApplication.php(142): CWebApplication->runController('themes/classic/...')
#1 C:\wamp\www\multiplatform\03_framework\base\CApplication.php(162): CWebApplication->processRequest()
#2 C:\wamp\www\multiplatform\01_backend\index.php(13): CApplication->run()
#3 {main}
REQUEST_URI=/themes/classic/assets//img/bg_texture.png
HTTP_REFERER=http://cms.platform.dev/themes/classic/assets//css/style.css
---
